2024-05-16 11:50:38,721 [INFO] Activator:176 - 


2024-05-16 11:50:38,727 [INFO] Activator:177 - !SESSION log4j initialized
2024-05-16 11:50:55,625 [INFO] LogOutputStream:77 - [STDOUT_REDIRECT] 
2024-05-16 11:51:05,249 [INFO] ApplicationProperties:184 - Using Application install path: C:\ST\STM32CubeIDE_1.15.1\STM32CubeIDE\plugins\com.st.stm32cube.common.mx_6.11.1.202404110753
2024-05-16 11:51:05,268 [INFO] DbMcusXml:78 - Set database path to: C:\ST\STM32CubeIDE_1.15.1\STM32CubeIDE\plugins\com.st.stm32cube.common.mx_6.11.1.202404110753\\db\/mcu/
2024-05-16 11:51:05,269 [INFO] ApiDb:274 - Set plugin database path to: C:\ST\STM32CubeIDE_1.15.1\STM32CubeIDE\plugins\com.st.stm32cube.common.mx_6.11.1.202404110753\\db\/plugins/boardmanager/
2024-05-16 11:51:05,269 [WARN] ApiDb:259 - Overriding images path with different value:  => C:\ST\STM32CubeIDE_1.15.1\STM32CubeIDE\plugins\com.st.stm32cube.common.mx_6.11.1.202404110753\\db\/plugins/mcufinder/images/
2024-05-16 11:51:05,292 [INFO] ApiDb:250 - Set database path to: C:\Users\markus.hufschmid\.stmcufinder\plugins\mcufinder//mcu/
2024-05-16 11:51:05,293 [INFO] DbMcusAds:125 - Set database path to: C:\Users\markus.hufschmid\.stmcufinder\plugins\mcufinder//mcu/
2024-05-16 11:51:05,297 [INFO] CrossReferenceDbSqlite:203 - Set database path to: C:\Users\markus.hufschmid\.stmcufinder\plugins\mcufinder//mcu/cs/
2024-05-16 11:51:05,434 [INFO] RulesReader:64 - Compatibility file has been processed (297 Rules)
2024-05-16 11:51:05,532 [INFO] DbMcusXml:78 - Set database path to: C:\ST\STM32CubeIDE_1.15.1\STM32CubeIDE\plugins\com.st.stm32cube.common.mx_6.11.1.202404110753\\db\/mcu/
2024-05-16 11:51:05,532 [INFO] ApiDb:274 - Set plugin database path to: C:\ST\STM32CubeIDE_1.15.1\STM32CubeIDE\plugins\com.st.stm32cube.common.mx_6.11.1.202404110753\\db\/plugins/boardmanager/
2024-05-16 11:51:05,533 [INFO] ApiDb:261 - Set plugin images path to: C:\ST\STM32CubeIDE_1.15.1\STM32CubeIDE\plugins\com.st.stm32cube.common.mx_6.11.1.202404110753\\db\/plugins/mcufinder/images/
2024-05-16 11:51:05,533 [WARN] DbFile:41 - Overriding database path with different value: C:\Users\markus.hufschmid\.stmcufinder\plugins\mcufinder/ => C:\Users\markus.hufschmid\.stmcufinder\plugins\mcufinder
2024-05-16 11:51:05,533 [INFO] ApiDb:250 - Set database path to: C:\Users\markus.hufschmid\.stmcufinder\plugins\mcufinder//mcu/
2024-05-16 11:51:05,533 [WARN] DbFile:41 - Overriding database path with different value: C:\Users\markus.hufschmid\.stmcufinder\plugins\mcufinder/ => C:\Users\markus.hufschmid\.stmcufinder\plugins\mcufinder
2024-05-16 11:51:05,533 [INFO] DbMcusAds:125 - Set database path to: C:\Users\markus.hufschmid\.stmcufinder\plugins\mcufinder//mcu/
2024-05-16 11:51:05,533 [WARN] DbFile:41 - Overriding database path with different value: C:\Users\markus.hufschmid\.stmcufinder\plugins\mcufinder/ => C:\Users\markus.hufschmid\.stmcufinder\plugins\mcufinder
2024-05-16 11:51:05,533 [WARN] DbFile:41 - Overriding database path with different value: C:\Users\markus.hufschmid\.stmcufinder\plugins\mcufinder/ => C:\Users\markus.hufschmid\.stmcufinder\plugins\mcufinder
2024-05-16 11:51:05,533 [INFO] CrossReferenceDbSqlite:203 - Set database path to: C:\Users\markus.hufschmid\.stmcufinder\plugins\mcufinder//mcu/cs/
2024-05-16 11:51:05,614 [INFO] MainPanel:264 - HeapMemory: 459276288
2024-05-16 11:51:05,704 [INFO] DbMcusXml:78 - Set database path to: C:\ST\STM32CubeIDE_1.15.1\STM32CubeIDE\plugins\com.st.stm32cube.common.mx_6.11.1.202404110753\\db\/mcu/
2024-05-16 11:51:05,704 [INFO] ApiDb:274 - Set plugin database path to: C:\ST\STM32CubeIDE_1.15.1\STM32CubeIDE\plugins\com.st.stm32cube.common.mx_6.11.1.202404110753\\db\/plugins/boardmanager/
2024-05-16 11:51:05,704 [INFO] ApiDb:261 - Set plugin images path to: C:\ST\STM32CubeIDE_1.15.1\STM32CubeIDE\plugins\com.st.stm32cube.common.mx_6.11.1.202404110753\\db\/plugins/mcufinder/images/
2024-05-16 11:51:05,704 [WARN] DbFile:41 - Overriding database path with different value: C:\Users\markus.hufschmid\.stmcufinder\plugins\mcufinder/ => C:\Users\markus.hufschmid\.stmcufinder\plugins\mcufinder
2024-05-16 11:51:05,704 [INFO] ApiDb:250 - Set database path to: C:\Users\markus.hufschmid\.stmcufinder\plugins\mcufinder//mcu/
2024-05-16 11:51:05,705 [WARN] DbFile:41 - Overriding database path with different value: C:\Users\markus.hufschmid\.stmcufinder\plugins\mcufinder/ => C:\Users\markus.hufschmid\.stmcufinder\plugins\mcufinder
2024-05-16 11:51:05,705 [INFO] DbMcusAds:125 - Set database path to: C:\Users\markus.hufschmid\.stmcufinder\plugins\mcufinder//mcu/
2024-05-16 11:51:05,705 [WARN] DbFile:41 - Overriding database path with different value: C:\Users\markus.hufschmid\.stmcufinder\plugins\mcufinder/ => C:\Users\markus.hufschmid\.stmcufinder\plugins\mcufinder
2024-05-16 11:51:05,705 [WARN] DbFile:41 - Overriding database path with different value: C:\Users\markus.hufschmid\.stmcufinder\plugins\mcufinder/ => C:\Users\markus.hufschmid\.stmcufinder\plugins\mcufinder
2024-05-16 11:51:05,705 [INFO] CrossReferenceDbSqlite:203 - Set database path to: C:\Users\markus.hufschmid\.stmcufinder\plugins\mcufinder//mcu/cs/
2024-05-16 11:51:05,721 [INFO] ApplicationProperties:184 - Using Application install path: C:\ST\STM32CubeIDE_1.15.1\STM32CubeIDE\plugins\com.st.stm32cube.common.mx_6.11.1.202404110753
2024-05-16 11:51:05,723 [INFO] PluginManage:196 - Search for loadable plugins [exclusion list=, ]
2024-05-16 11:51:05,724 [INFO] PluginManage:310 - Check plugin analytics
2024-05-16 11:51:05,883 [INFO] AnalyticsPlugin:253 - Accepted Software Licenses: 
2024-05-16 11:51:05,883 [INFO] AnalyticsPlugin:255 - Accepted CMSIS Pack Licenses: STMicroelectronics.X-CUBE-TOUCHGFX.4.22.1
2024-05-16 11:51:05,883 [INFO] AnalyticsPlugin:257 - Accepted Firmware Licenses: FW.F4.1.27.0,FW.H7.1.11.0
2024-05-16 11:51:05,885 [INFO] PluginManage:359 - Loaded plugin analytics (category:tool,tabindex:-1)
2024-05-16 11:51:05,885 [INFO] PluginManage:310 - Check plugin cadmodel
2024-05-16 11:51:05,904 [INFO] CADModel:105 - Init CAD model plugin
2024-05-16 11:51:05,904 [INFO] PluginManage:359 - Loaded plugin cadmodel (category:power,tabindex:5)
2024-05-16 11:51:05,904 [INFO] PluginManage:310 - Check plugin clock
2024-05-16 11:51:05,929 [INFO] PluginManage:359 - Loaded plugin clock (category:base,tabindex:2)
2024-05-16 11:51:05,929 [INFO] PluginManage:310 - Check plugin ddr
2024-05-16 11:51:05,931 [INFO] PluginManage:359 - Loaded plugin ddr (category:tool,tabindex:6)
2024-05-16 11:51:05,931 [INFO] PluginManage:310 - Check plugin filemanager
2024-05-16 11:51:06,052 [INFO] PluginManage:359 - Loaded plugin filemanager (category:base,tabindex:10)
2024-05-16 11:51:06,053 [INFO] PluginManage:310 - Check plugin ipmanager
2024-05-16 11:51:06,059 [INFO] PluginManage:359 - Loaded plugin ipmanager (category:base,tabindex:5)
2024-05-16 11:51:06,059 [INFO] PluginManage:310 - Check plugin lpbam
2024-05-16 11:51:06,076 [INFO] PluginManage:359 - Loaded plugin lpbam (category:base,tabindex:0)
2024-05-16 11:51:06,077 [INFO] PluginManage:310 - Check plugin memorymap
2024-05-16 11:51:06,101 [INFO] PluginManage:359 - Loaded plugin memorymap (category:base,tabindex:4)
2024-05-16 11:51:06,101 [INFO] PluginManage:310 - Check plugin pinoutandconfiguration
2024-05-16 11:51:06,119 [INFO] PluginManage:359 - Loaded plugin pinoutandconfiguration (category:base,tabindex:1)
2024-05-16 11:51:06,119 [INFO] PluginManage:310 - Check plugin pinoutconfig
2024-05-16 11:51:06,205 [WARN] SupportedApi:132 - Cannot load RTOS API schema: s4s-elt-must-match.1: The content of 'definitions' must match (annotation?, (simpleType | complexType)?, (unique | key | keyref)*)). A problem was found starting at: attribute.
2024-05-16 11:51:06,323 [INFO] PluginManage:359 - Loaded plugin pinoutconfig (category:base,tabindex:0)
2024-05-16 11:51:06,324 [INFO] PluginManage:310 - Check plugin power
2024-05-16 11:51:06,346 [INFO] PluginManage:359 - Loaded plugin power (category:power,tabindex:4)
2024-05-16 11:51:06,346 [INFO] PluginManage:310 - Check plugin projectmanager
2024-05-16 11:51:06,360 [INFO] PluginManage:359 - Loaded plugin projectmanager (category:projectmanager,tabindex:3)
2024-05-16 11:51:06,361 [INFO] PluginManage:310 - Check plugin thirdparty
2024-05-16 11:51:06,651 [INFO] PluginManage:359 - Loaded plugin thirdparty (category:base,tabindex:-1)
2024-05-16 11:51:06,651 [WARN] IntegrityCheckThread:84 - waiting for thirdparty lock release [integrity check]
2024-05-16 11:51:06,651 [INFO] IntegrityCheckThread:86 - entering critical section [integrity check]
2024-05-16 11:51:06,651 [INFO] PluginManage:310 - Check plugin tools
2024-05-16 11:51:06,651 [INFO] ThirdPartyUpdaterWithRetryManager:70 - Updater plugin not ready yet. [1/15]
2024-05-16 11:51:06,683 [INFO] PluginManage:359 - Loaded plugin tools (category:base,tabindex:7)
2024-05-16 11:51:06,683 [INFO] PluginManage:310 - Check plugin tutovideos
2024-05-16 11:51:06,869 [INFO] PluginManage:359 - Loaded plugin tutovideos (category:base,tabindex:-1)
2024-05-16 11:51:06,869 [INFO] PluginManage:310 - Check plugin updater
2024-05-16 11:51:06,878 [ERROR] ConfigurationRetriever:142 - IOException on connection: Read timed out
2024-05-16 11:51:06,882 [INFO] PluginManage:359 - Loaded plugin updater (category:base,tabindex:12)
2024-05-16 11:51:06,882 [INFO] PluginManage:310 - Check plugin userauth
2024-05-16 11:51:06,888 [INFO] UserAuth:114 - Init User Auth plugin
2024-05-16 11:51:06,889 [INFO] PluginManage:359 - Loaded plugin userauth (category:base,tabindex:14)
2024-05-16 11:51:06,889 [INFO] PluginManage:283 - PluginManage : Loaded plugins [17]
2024-05-16 11:51:07,137 [INFO] PinOutPanel:1561 - setPackage(No Configuration,No Configuration)
2024-05-16 11:51:07,213 [INFO] CADModel:165 - CPN selected for project level
2024-05-16 11:51:07,213 [INFO] CADModel:114 - Register for checkConnection events
2024-05-16 11:51:07,235 [INFO] IPUIPlugin:80 - create IPUIPlugin
2024-05-16 11:51:07,235 [INFO] PluginManager:220 - loadIPPluginJar : add adc
2024-05-16 11:51:07,269 [INFO] IPUIPlugin:80 - create IPUIPlugin
2024-05-16 11:51:07,270 [INFO] PluginManager:220 - loadIPPluginJar : add aes
2024-05-16 11:51:07,313 [INFO] IPUIPlugin:80 - create IPUIPlugin
2024-05-16 11:51:07,313 [INFO] PluginManager:220 - loadIPPluginJar : add can
2024-05-16 11:51:07,340 [INFO] IPUIPlugin:80 - create IPUIPlugin
2024-05-16 11:51:07,340 [INFO] PluginManager:220 - loadIPPluginJar : add comp
2024-05-16 11:51:07,382 [INFO] IPUIPlugin:80 - create IPUIPlugin
2024-05-16 11:51:07,383 [INFO] PluginManager:220 - loadIPPluginJar : add cryp
2024-05-16 11:51:07,428 [INFO] IPUIPlugin:80 - create IPUIPlugin
2024-05-16 11:51:07,428 [INFO] PluginManager:220 - loadIPPluginJar : add dfsdm
2024-05-16 11:51:07,460 [INFO] IPUIPlugin:80 - create IPUIPlugin
2024-05-16 11:51:07,461 [INFO] PluginManager:220 - loadIPPluginJar : add dma
2024-05-16 11:51:07,520 [INFO] IPUIPlugin:80 - create IPUIPlugin
2024-05-16 11:51:07,520 [INFO] PluginManager:220 - loadIPPluginJar : add dma3
2024-05-16 11:51:07,614 [INFO] IPUIPlugin:80 - create IPUIPlugin
2024-05-16 11:51:07,614 [INFO] PluginManager:220 - loadIPPluginJar : add extmemmanager
2024-05-16 11:51:07,647 [INFO] IPUIPlugin:80 - create IPUIPlugin
2024-05-16 11:51:07,648 [INFO] PluginManager:220 - loadIPPluginJar : add fatfs
2024-05-16 11:51:07,708 [INFO] IPUIPlugin:80 - create IPUIPlugin
2024-05-16 11:51:07,708 [INFO] PluginManager:220 - loadIPPluginJar : add fmc
2024-05-16 11:51:07,728 [INFO] IPUIPlugin:80 - create IPUIPlugin
2024-05-16 11:51:07,728 [INFO] PluginManager:220 - loadIPPluginJar : add freertos
2024-05-16 11:51:07,756 [INFO] IPUIPlugin:80 - create IPUIPlugin
2024-05-16 11:51:07,756 [INFO] PluginManager:220 - loadIPPluginJar : add genericplugin
2024-05-16 11:51:07,886 [INFO] IPUIPlugin:80 - create IPUIPlugin
2024-05-16 11:51:07,886 [INFO] PluginManager:220 - loadIPPluginJar : add gfxmmu
2024-05-16 11:51:08,086 [INFO] IPUIPlugin:80 - create IPUIPlugin
2024-05-16 11:51:08,086 [INFO] PluginManager:220 - loadIPPluginJar : add gic
2024-05-16 11:51:08,103 [INFO] IPUIPlugin:80 - create IPUIPlugin
2024-05-16 11:51:08,103 [INFO] PluginManager:220 - loadIPPluginJar : add gpio
2024-05-16 11:51:08,215 [INFO] IPUIPlugin:80 - create IPUIPlugin
2024-05-16 11:51:08,215 [INFO] PluginManager:220 - loadIPPluginJar : add gtzc
2024-05-16 11:51:08,263 [INFO] IPUIPlugin:80 - create IPUIPlugin
2024-05-16 11:51:08,263 [INFO] PluginManager:220 - loadIPPluginJar : add hash
2024-05-16 11:51:08,338 [INFO] IPUIPlugin:80 - create IPUIPlugin
2024-05-16 11:51:08,338 [INFO] PluginManager:220 - loadIPPluginJar : add i2c
2024-05-16 11:51:08,378 [INFO] IPUIPlugin:80 - create IPUIPlugin
2024-05-16 11:51:08,379 [INFO] PluginManager:220 - loadIPPluginJar : add i2s
2024-05-16 11:51:08,424 [INFO] IPUIPlugin:80 - create IPUIPlugin
2024-05-16 11:51:08,424 [INFO] PluginManager:220 - loadIPPluginJar : add i3c
2024-05-16 11:51:08,545 [INFO] IPUIPlugin:80 - create IPUIPlugin
2024-05-16 11:51:08,546 [INFO] PluginManager:220 - loadIPPluginJar : add ipddr
2024-05-16 11:51:08,653 [INFO] IPUIPlugin:80 - create IPUIPlugin
2024-05-16 11:51:08,653 [INFO] PluginManager:220 - loadIPPluginJar : add linkedlist
2024-05-16 11:51:08,702 [INFO] IPUIPlugin:80 - create IPUIPlugin
2024-05-16 11:51:08,702 [INFO] PluginManager:220 - loadIPPluginJar : add lorawan
2024-05-16 11:51:08,742 [INFO] IPUIPlugin:80 - create IPUIPlugin
2024-05-16 11:51:08,743 [INFO] PluginManager:220 - loadIPPluginJar : add ltdc
2024-05-16 11:51:08,757 [INFO] IPUIPlugin:80 - create IPUIPlugin
2024-05-16 11:51:08,757 [INFO] PluginManager:220 - loadIPPluginJar : add mdma
2024-05-16 11:51:08,772 [INFO] IPUIPlugin:80 - create IPUIPlugin
2024-05-16 11:51:08,772 [INFO] PluginManager:220 - loadIPPluginJar : add nvic
2024-05-16 11:51:08,805 [INFO] IPUIPlugin:80 - create IPUIPlugin
2024-05-16 11:51:08,805 [INFO] PluginManager:220 - loadIPPluginJar : add opamp
2024-05-16 11:51:08,865 [INFO] IPUIPlugin:80 - create IPUIPlugin
2024-05-16 11:51:08,865 [INFO] PluginManager:220 - loadIPPluginJar : add openamp
2024-05-16 11:51:08,925 [INFO] IPUIPlugin:80 - create IPUIPlugin
2024-05-16 11:51:08,925 [INFO] PluginManager:220 - loadIPPluginJar : add pdm2pcm
2024-05-16 11:51:08,940 [INFO] IPUIPlugin:80 - create IPUIPlugin
2024-05-16 11:51:08,942 [INFO] PluginManager:220 - loadIPPluginJar : add plateformsettings
2024-05-16 11:51:08,971 [INFO] IPUIPlugin:80 - create IPUIPlugin
2024-05-16 11:51:08,972 [INFO] PluginManager:220 - loadIPPluginJar : add quadspi
2024-05-16 11:51:09,003 [INFO] IPUIPlugin:80 - create IPUIPlugin
2024-05-16 11:51:09,003 [INFO] PluginManager:220 - loadIPPluginJar : add resmgrutility
2024-05-16 11:51:09,071 [INFO] IPUIPlugin:80 - create IPUIPlugin
2024-05-16 11:51:09,071 [INFO] PluginManager:220 - loadIPPluginJar : add sai
2024-05-16 11:51:09,118 [INFO] IPUIPlugin:80 - create IPUIPlugin
2024-05-16 11:51:09,118 [INFO] PluginManager:220 - loadIPPluginJar : add spi
2024-05-16 11:51:09,193 [INFO] IPUIPlugin:80 - create IPUIPlugin
2024-05-16 11:51:09,193 [INFO] PluginManager:220 - loadIPPluginJar : add stm32_wpan
2024-05-16 11:51:09,218 [INFO] IPUIPlugin:80 - create IPUIPlugin
2024-05-16 11:51:09,218 [INFO] PluginManager:220 - loadIPPluginJar : add tim
2024-05-16 11:51:09,277 [INFO] IPUIPlugin:80 - create IPUIPlugin
2024-05-16 11:51:09,277 [INFO] PluginManager:220 - loadIPPluginJar : add touchsensing
2024-05-16 11:51:09,298 [INFO] IPUIPlugin:80 - create IPUIPlugin
2024-05-16 11:51:09,298 [INFO] PluginManager:220 - loadIPPluginJar : add tracer_emb
2024-05-16 11:51:09,319 [INFO] IPUIPlugin:80 - create IPUIPlugin
2024-05-16 11:51:09,319 [INFO] PluginManager:220 - loadIPPluginJar : add ts
2024-05-16 11:51:09,346 [INFO] IPUIPlugin:80 - create IPUIPlugin
2024-05-16 11:51:09,346 [INFO] PluginManager:220 - loadIPPluginJar : add tsc
2024-05-16 11:51:09,366 [INFO] IPUIPlugin:80 - create IPUIPlugin
2024-05-16 11:51:09,366 [INFO] PluginManager:220 - loadIPPluginJar : add ucpd
2024-05-16 11:51:09,405 [INFO] IPUIPlugin:80 - create IPUIPlugin
2024-05-16 11:51:09,405 [INFO] PluginManager:220 - loadIPPluginJar : add usart
2024-05-16 11:51:09,446 [INFO] IPUIPlugin:80 - create IPUIPlugin
2024-05-16 11:51:09,447 [INFO] PluginManager:220 - loadIPPluginJar : add usbx
2024-05-16 11:51:09,570 [INFO] CADModel:165 - CPN selected for project level
2024-05-16 11:51:09,570 [INFO] CADModel:114 - Register for checkConnection events
2024-05-16 11:51:09,570 [FATAL] Updater:308 - Updater called before beeing initialized
2024-05-16 11:51:09,571 [ERROR] CADModel:125 - Updater not yet initialized, retry later 
2024-05-16 11:51:09,652 [INFO] ThirdPartyUpdaterWithRetryManager:70 - Updater plugin not ready yet. [2/15]
2024-05-16 11:51:09,720 [INFO] CADModel:165 - CPN selected for project level
2024-05-16 11:51:09,720 [INFO] CADModel:114 - Register for checkConnection events
2024-05-16 11:51:09,720 [FATAL] Updater:308 - Updater called before beeing initialized
2024-05-16 11:51:09,721 [ERROR] CADModel:125 - Updater not yet initialized, retry later 
2024-05-16 11:51:09,725 [FATAL] Updater:308 - Updater called before beeing initialized
2024-05-16 11:51:09,828 [FATAL] Updater:308 - Updater called before beeing initialized
2024-05-16 11:51:09,838 [INFO] DbMcusAds:53 - JSON generation date=Thu Sep 30 08:55:09 CEST 2021 (1632984909247)
2024-05-16 11:51:09,838 [FATAL] Updater:308 - Updater called before beeing initialized
2024-05-16 11:51:09,878 [WARN] DetailPanel:346 - Failed to get advertising image, set to default
2024-05-16 11:51:09,960 [FATAL] Updater:308 - Updater called before beeing initialized
2024-05-16 11:51:09,962 [FATAL] Updater:308 - Updater called before beeing initialized
2024-05-16 11:51:09,962 [FATAL] Updater:308 - Updater called before beeing initialized
2024-05-16 11:51:09,962 [WARN] DetailPanel:346 - Failed to get advertising image, set to default
2024-05-16 11:51:09,963 [FATAL] Updater:308 - Updater called before beeing initialized
2024-05-16 11:51:10,024 [ERROR] Updater:1120 - MainUpdater not yet initialized. External WinMGr cannot be set.
2024-05-16 11:51:10,036 [INFO] Updater:1056 - Updater Version found : 6.11.1
2024-05-16 11:51:10,059 [INFO] ApplicationProperties:184 - Using Application install path: C:\ST\STM32CubeIDE_1.15.1\STM32CubeIDE\plugins\com.st.stm32cube.common.mx_6.11.1.202404110753
2024-05-16 11:51:11,642 [ERROR] LogOutputStream:75 - [STDERR_REDIRECT] May 16, 2024 11:51:11 AM java.util.prefs.WindowsPreferences <init>
2024-05-16 11:51:11,645 [ERROR] LogOutputStream:75 - [STDERR_REDIRECT] WARNING: Could not open/create prefs root node Software\JavaSoft\Prefs at root 0xffffffff80000002. Windows RegCreateKeyEx(...) returned error code 5.
2024-05-16 11:51:11,645 [ERROR] LogOutputStream:75 - [STDERR_REDIRECT] 
2024-05-16 11:51:12,653 [FATAL] Updater:308 - Updater called before beeing initialized
2024-05-16 11:51:12,653 [ERROR] IntegrityCheckThread:130 - Cannot retrieve database content from updater: error 21
2024-05-16 11:51:12,654 [INFO] ThirdParty:978 - Integrity check success = false
2024-05-16 11:51:12,654 [INFO] IntegrityCheckThread:100 - exiting critical section [integrity check]
2024-05-16 11:51:12,654 [INFO] IntegrityCheckThread:103 - End integrity checks thread
2024-05-16 11:51:13,676 [ERROR] ConfigurationRetriever:142 - IOException on connection: Read timed out
2024-05-16 11:51:15,902 [WARN] CheckConnectionManager:291 - Warning during Server Connection :  timeout Connect to sw-center.st.com:443 [sw-center.st.com/194.230.61.42, sw-center.st.com/194.230.61.40] failed: Connect timed out
2024-05-16 11:51:18,679 [ERROR] ConfigurationRetriever:142 - IOException on connection: Connect timed out
2024-05-16 11:51:19,911 [WARN] CheckConnectionManager:291 - Warning during Server Connection :  timeout Connect to sw-center.st.com:443 [sw-center.st.com/194.230.61.42, sw-center.st.com/194.230.61.40] failed: Connect timed out
2024-05-16 11:51:19,914 [INFO] MainUpdater:2873 - connection check result : 22
2024-05-16 11:51:19,915 [INFO] MainUpdater:290 - Updater Check For Update Now.
2024-05-16 11:51:19,915 [INFO] MicroXplorer:498 - Change Database Version : DB.6.0.111
2024-05-16 11:51:19,933 [INFO] McuFinderGlobals:63 - Set McuFinder mode to 2 (CubeIDE integrated)
2024-05-16 11:51:19,933 [INFO] UserAuth:179 - activating auth plugin
2024-05-16 11:51:19,935 [INFO] UserAuth:415 - Internet connection configuration mode: 2
2024-05-16 11:51:19,949 [INFO] UserAuth:415 - Internet connection configuration mode: 2
2024-05-16 11:51:20,117 [INFO] CheckServerUpdateThread:120 - End of CheckServer Thread
2024-05-16 11:53:12,898 [ERROR] ConfigurationRetriever:142 - IOException on connection: Connect timed out
2024-05-16 11:53:14,902 [ERROR] ConfigurationRetriever:142 - IOException on connection: Connect timed out
2024-05-16 11:53:17,998 [ERROR] ConfigurationRetriever:142 - IOException on connection: Read timed out
2024-05-16 11:53:20,000 [ERROR] ConfigurationRetriever:142 - IOException on connection: Connect timed out
2024-05-16 11:53:22,004 [ERROR] ConfigurationRetriever:142 - IOException on connection: Connect timed out
2024-05-16 11:53:45,635 [ERROR] ConfigurationRetriever:142 - IOException on connection: sw-center.st.com
2024-05-16 11:53:45,635 [ERROR] ConfigurationRetriever:142 - IOException on connection: sw-center.st.com
2024-05-16 11:53:45,636 [ERROR] ConfigurationRetriever:142 - IOException on connection: sw-center.st.com
