2024-05-15 16:08:07,321 [INFO] Activator:176 - 


2024-05-15 16:08:07,335 [INFO] Activator:177 - !SESSION log4j initialized
2024-05-15 16:08:11,154 [INFO] LogOutputStream:77 - [STDOUT_REDIRECT] 
2024-05-15 16:08:12,888 [INFO] ApplicationProperties:184 - Using Application install path: C:\ST\STM32CubeIDE_1.15.1\STM32CubeIDE\plugins\com.st.stm32cube.common.mx_6.11.1.202404110753
2024-05-15 16:08:12,905 [INFO] DbMcusXml:78 - Set database path to: C:\ST\STM32CubeIDE_1.15.1\STM32CubeIDE\plugins\com.st.stm32cube.common.mx_6.11.1.202404110753\\db\/mcu/
2024-05-15 16:08:12,905 [INFO] ApiDb:274 - Set plugin database path to: C:\ST\STM32CubeIDE_1.15.1\STM32CubeIDE\plugins\com.st.stm32cube.common.mx_6.11.1.202404110753\\db\/plugins/boardmanager/
2024-05-15 16:08:12,906 [WARN] ApiDb:259 - Overriding images path with different value:  => C:\ST\STM32CubeIDE_1.15.1\STM32CubeIDE\plugins\com.st.stm32cube.common.mx_6.11.1.202404110753\\db\/plugins/mcufinder/images/
2024-05-15 16:08:12,916 [INFO] ApiDb:250 - Set database path to: C:\Users\markus.hufschmid\.stmcufinder\plugins\mcufinder//mcu/
2024-05-15 16:08:12,917 [INFO] DbMcusAds:125 - Set database path to: C:\Users\markus.hufschmid\.stmcufinder\plugins\mcufinder//mcu/
2024-05-15 16:08:12,919 [INFO] CrossReferenceDbSqlite:203 - Set database path to: C:\Users\markus.hufschmid\.stmcufinder\plugins\mcufinder//mcu/cs/
2024-05-15 16:08:13,034 [INFO] RulesReader:64 - Compatibility file has been processed (297 Rules)
2024-05-15 16:08:13,112 [INFO] DbMcusXml:78 - Set database path to: C:\ST\STM32CubeIDE_1.15.1\STM32CubeIDE\plugins\com.st.stm32cube.common.mx_6.11.1.202404110753\\db\/mcu/
2024-05-15 16:08:13,112 [INFO] ApiDb:274 - Set plugin database path to: C:\ST\STM32CubeIDE_1.15.1\STM32CubeIDE\plugins\com.st.stm32cube.common.mx_6.11.1.202404110753\\db\/plugins/boardmanager/
2024-05-15 16:08:13,112 [INFO] ApiDb:261 - Set plugin images path to: C:\ST\STM32CubeIDE_1.15.1\STM32CubeIDE\plugins\com.st.stm32cube.common.mx_6.11.1.202404110753\\db\/plugins/mcufinder/images/
2024-05-15 16:08:13,113 [WARN] DbFile:41 - Overriding database path with different value: C:\Users\markus.hufschmid\.stmcufinder\plugins\mcufinder/ => C:\Users\markus.hufschmid\.stmcufinder\plugins\mcufinder
2024-05-15 16:08:13,113 [INFO] ApiDb:250 - Set database path to: C:\Users\markus.hufschmid\.stmcufinder\plugins\mcufinder//mcu/
2024-05-15 16:08:13,113 [WARN] DbFile:41 - Overriding database path with different value: C:\Users\markus.hufschmid\.stmcufinder\plugins\mcufinder/ => C:\Users\markus.hufschmid\.stmcufinder\plugins\mcufinder
2024-05-15 16:08:13,113 [INFO] DbMcusAds:125 - Set database path to: C:\Users\markus.hufschmid\.stmcufinder\plugins\mcufinder//mcu/
2024-05-15 16:08:13,113 [WARN] DbFile:41 - Overriding database path with different value: C:\Users\markus.hufschmid\.stmcufinder\plugins\mcufinder/ => C:\Users\markus.hufschmid\.stmcufinder\plugins\mcufinder
2024-05-15 16:08:13,113 [WARN] DbFile:41 - Overriding database path with different value: C:\Users\markus.hufschmid\.stmcufinder\plugins\mcufinder/ => C:\Users\markus.hufschmid\.stmcufinder\plugins\mcufinder
2024-05-15 16:08:13,113 [INFO] CrossReferenceDbSqlite:203 - Set database path to: C:\Users\markus.hufschmid\.stmcufinder\plugins\mcufinder//mcu/cs/
2024-05-15 16:08:13,189 [INFO] MainPanel:264 - HeapMemory: 268435456
2024-05-15 16:08:13,275 [INFO] DbMcusXml:78 - Set database path to: C:\ST\STM32CubeIDE_1.15.1\STM32CubeIDE\plugins\com.st.stm32cube.common.mx_6.11.1.202404110753\\db\/mcu/
2024-05-15 16:08:13,275 [INFO] ApiDb:274 - Set plugin database path to: C:\ST\STM32CubeIDE_1.15.1\STM32CubeIDE\plugins\com.st.stm32cube.common.mx_6.11.1.202404110753\\db\/plugins/boardmanager/
2024-05-15 16:08:13,275 [INFO] ApiDb:261 - Set plugin images path to: C:\ST\STM32CubeIDE_1.15.1\STM32CubeIDE\plugins\com.st.stm32cube.common.mx_6.11.1.202404110753\\db\/plugins/mcufinder/images/
2024-05-15 16:08:13,276 [WARN] DbFile:41 - Overriding database path with different value: C:\Users\markus.hufschmid\.stmcufinder\plugins\mcufinder/ => C:\Users\markus.hufschmid\.stmcufinder\plugins\mcufinder
2024-05-15 16:08:13,276 [INFO] ApiDb:250 - Set database path to: C:\Users\markus.hufschmid\.stmcufinder\plugins\mcufinder//mcu/
2024-05-15 16:08:13,276 [WARN] DbFile:41 - Overriding database path with different value: C:\Users\markus.hufschmid\.stmcufinder\plugins\mcufinder/ => C:\Users\markus.hufschmid\.stmcufinder\plugins\mcufinder
2024-05-15 16:08:13,276 [INFO] DbMcusAds:125 - Set database path to: C:\Users\markus.hufschmid\.stmcufinder\plugins\mcufinder//mcu/
2024-05-15 16:08:13,276 [WARN] DbFile:41 - Overriding database path with different value: C:\Users\markus.hufschmid\.stmcufinder\plugins\mcufinder/ => C:\Users\markus.hufschmid\.stmcufinder\plugins\mcufinder
2024-05-15 16:08:13,276 [WARN] DbFile:41 - Overriding database path with different value: C:\Users\markus.hufschmid\.stmcufinder\plugins\mcufinder/ => C:\Users\markus.hufschmid\.stmcufinder\plugins\mcufinder
2024-05-15 16:08:13,276 [INFO] CrossReferenceDbSqlite:203 - Set database path to: C:\Users\markus.hufschmid\.stmcufinder\plugins\mcufinder//mcu/cs/
2024-05-15 16:08:13,293 [INFO] ApplicationProperties:184 - Using Application install path: C:\ST\STM32CubeIDE_1.15.1\STM32CubeIDE\plugins\com.st.stm32cube.common.mx_6.11.1.202404110753
2024-05-15 16:08:13,294 [INFO] PluginManage:196 - Search for loadable plugins [exclusion list=, ]
2024-05-15 16:08:13,296 [INFO] PluginManage:310 - Check plugin analytics
2024-05-15 16:08:13,464 [INFO] AnalyticsPlugin:253 - Accepted Software Licenses: 
2024-05-15 16:08:13,464 [INFO] AnalyticsPlugin:255 - Accepted CMSIS Pack Licenses: STMicroelectronics.X-CUBE-TOUCHGFX.4.22.1
2024-05-15 16:08:13,465 [INFO] AnalyticsPlugin:257 - Accepted Firmware Licenses: FW.F4.1.27.0,FW.H7.1.11.0
2024-05-15 16:08:13,466 [INFO] PluginManage:359 - Loaded plugin analytics (category:tool,tabindex:-1)
2024-05-15 16:08:13,466 [INFO] PluginManage:310 - Check plugin cadmodel
2024-05-15 16:08:13,481 [INFO] CADModel:105 - Init CAD model plugin
2024-05-15 16:08:13,481 [INFO] PluginManage:359 - Loaded plugin cadmodel (category:power,tabindex:5)
2024-05-15 16:08:13,481 [INFO] PluginManage:310 - Check plugin clock
2024-05-15 16:08:13,503 [INFO] PluginManage:359 - Loaded plugin clock (category:base,tabindex:2)
2024-05-15 16:08:13,503 [INFO] PluginManage:310 - Check plugin ddr
2024-05-15 16:08:13,505 [INFO] PluginManage:359 - Loaded plugin ddr (category:tool,tabindex:6)
2024-05-15 16:08:13,505 [INFO] PluginManage:310 - Check plugin filemanager
2024-05-15 16:08:13,627 [INFO] PluginManage:359 - Loaded plugin filemanager (category:base,tabindex:10)
2024-05-15 16:08:13,627 [INFO] PluginManage:310 - Check plugin ipmanager
2024-05-15 16:08:13,634 [INFO] PluginManage:359 - Loaded plugin ipmanager (category:base,tabindex:5)
2024-05-15 16:08:13,634 [INFO] PluginManage:310 - Check plugin lpbam
2024-05-15 16:08:13,651 [INFO] PluginManage:359 - Loaded plugin lpbam (category:base,tabindex:0)
2024-05-15 16:08:13,651 [INFO] PluginManage:310 - Check plugin memorymap
2024-05-15 16:08:13,673 [INFO] PluginManage:359 - Loaded plugin memorymap (category:base,tabindex:4)
2024-05-15 16:08:13,673 [INFO] PluginManage:310 - Check plugin pinoutandconfiguration
2024-05-15 16:08:13,688 [INFO] PluginManage:359 - Loaded plugin pinoutandconfiguration (category:base,tabindex:1)
2024-05-15 16:08:13,688 [INFO] PluginManage:310 - Check plugin pinoutconfig
2024-05-15 16:08:13,766 [WARN] SupportedApi:132 - Cannot load RTOS API schema: s4s-elt-must-match.1: The content of 'definitions' must match (annotation?, (simpleType | complexType)?, (unique | key | keyref)*)). A problem was found starting at: attribute.
2024-05-15 16:08:13,873 [INFO] PluginManage:359 - Loaded plugin pinoutconfig (category:base,tabindex:0)
2024-05-15 16:08:13,873 [INFO] PluginManage:310 - Check plugin power
2024-05-15 16:08:13,890 [INFO] PluginManage:359 - Loaded plugin power (category:power,tabindex:4)
2024-05-15 16:08:13,890 [INFO] PluginManage:310 - Check plugin projectmanager
2024-05-15 16:08:13,902 [INFO] PluginManage:359 - Loaded plugin projectmanager (category:projectmanager,tabindex:3)
2024-05-15 16:08:13,902 [INFO] PluginManage:310 - Check plugin thirdparty
2024-05-15 16:08:14,159 [INFO] PluginManage:359 - Loaded plugin thirdparty (category:base,tabindex:-1)
2024-05-15 16:08:14,159 [INFO] PluginManage:310 - Check plugin tools
2024-05-15 16:08:14,159 [WARN] IntegrityCheckThread:84 - waiting for thirdparty lock release [integrity check]
2024-05-15 16:08:14,159 [INFO] IntegrityCheckThread:86 - entering critical section [integrity check]
2024-05-15 16:08:14,160 [INFO] ThirdPartyUpdaterWithRetryManager:70 - Updater plugin not ready yet. [1/15]
2024-05-15 16:08:14,192 [INFO] PluginManage:359 - Loaded plugin tools (category:base,tabindex:7)
2024-05-15 16:08:14,192 [INFO] PluginManage:310 - Check plugin tutovideos
2024-05-15 16:08:14,376 [INFO] PluginManage:359 - Loaded plugin tutovideos (category:base,tabindex:-1)
2024-05-15 16:08:14,377 [INFO] PluginManage:310 - Check plugin updater
2024-05-15 16:08:14,386 [INFO] PluginManage:359 - Loaded plugin updater (category:base,tabindex:12)
2024-05-15 16:08:14,386 [INFO] PluginManage:310 - Check plugin userauth
2024-05-15 16:08:14,391 [INFO] UserAuth:114 - Init User Auth plugin
2024-05-15 16:08:14,392 [INFO] PluginManage:359 - Loaded plugin userauth (category:base,tabindex:14)
2024-05-15 16:08:14,392 [INFO] PluginManage:283 - PluginManage : Loaded plugins [17]
2024-05-15 16:08:14,606 [INFO] PinOutPanel:1561 - setPackage(No Configuration,No Configuration)
2024-05-15 16:08:14,668 [INFO] CADModel:165 - CPN selected for project level
2024-05-15 16:08:14,668 [INFO] CADModel:114 - Register for checkConnection events
2024-05-15 16:08:14,692 [INFO] IPUIPlugin:80 - create IPUIPlugin
2024-05-15 16:08:14,692 [INFO] PluginManager:220 - loadIPPluginJar : add adc
2024-05-15 16:08:14,724 [INFO] IPUIPlugin:80 - create IPUIPlugin
2024-05-15 16:08:14,724 [INFO] PluginManager:220 - loadIPPluginJar : add aes
2024-05-15 16:08:14,758 [INFO] IPUIPlugin:80 - create IPUIPlugin
2024-05-15 16:08:14,758 [INFO] PluginManager:220 - loadIPPluginJar : add can
2024-05-15 16:08:14,777 [INFO] IPUIPlugin:80 - create IPUIPlugin
2024-05-15 16:08:14,777 [INFO] PluginManager:220 - loadIPPluginJar : add comp
2024-05-15 16:08:14,805 [INFO] IPUIPlugin:80 - create IPUIPlugin
2024-05-15 16:08:14,806 [INFO] PluginManager:220 - loadIPPluginJar : add cryp
2024-05-15 16:08:14,832 [INFO] IPUIPlugin:80 - create IPUIPlugin
2024-05-15 16:08:14,833 [INFO] PluginManager:220 - loadIPPluginJar : add dfsdm
2024-05-15 16:08:14,846 [INFO] IPUIPlugin:80 - create IPUIPlugin
2024-05-15 16:08:14,846 [INFO] PluginManager:220 - loadIPPluginJar : add dma
2024-05-15 16:08:14,882 [INFO] IPUIPlugin:80 - create IPUIPlugin
2024-05-15 16:08:14,882 [INFO] PluginManager:220 - loadIPPluginJar : add dma3
2024-05-15 16:08:14,918 [INFO] IPUIPlugin:80 - create IPUIPlugin
2024-05-15 16:08:14,918 [INFO] PluginManager:220 - loadIPPluginJar : add extmemmanager
2024-05-15 16:08:14,935 [INFO] IPUIPlugin:80 - create IPUIPlugin
2024-05-15 16:08:14,936 [INFO] PluginManager:220 - loadIPPluginJar : add fatfs
2024-05-15 16:08:14,973 [INFO] IPUIPlugin:80 - create IPUIPlugin
2024-05-15 16:08:14,973 [INFO] PluginManager:220 - loadIPPluginJar : add fmc
2024-05-15 16:08:14,986 [INFO] IPUIPlugin:80 - create IPUIPlugin
2024-05-15 16:08:14,986 [INFO] PluginManager:220 - loadIPPluginJar : add freertos
2024-05-15 16:08:15,004 [INFO] IPUIPlugin:80 - create IPUIPlugin
2024-05-15 16:08:15,004 [INFO] PluginManager:220 - loadIPPluginJar : add genericplugin
2024-05-15 16:08:15,077 [INFO] IPUIPlugin:80 - create IPUIPlugin
2024-05-15 16:08:15,077 [INFO] PluginManager:220 - loadIPPluginJar : add gfxmmu
2024-05-15 16:08:15,183 [INFO] IPUIPlugin:80 - create IPUIPlugin
2024-05-15 16:08:15,183 [INFO] PluginManager:220 - loadIPPluginJar : add gic
2024-05-15 16:08:15,195 [INFO] IPUIPlugin:80 - create IPUIPlugin
2024-05-15 16:08:15,195 [INFO] PluginManager:220 - loadIPPluginJar : add gpio
2024-05-15 16:08:15,264 [INFO] IPUIPlugin:80 - create IPUIPlugin
2024-05-15 16:08:15,264 [INFO] PluginManager:220 - loadIPPluginJar : add gtzc
2024-05-15 16:08:15,291 [INFO] IPUIPlugin:80 - create IPUIPlugin
2024-05-15 16:08:15,291 [INFO] PluginManager:220 - loadIPPluginJar : add hash
2024-05-15 16:08:15,333 [INFO] IPUIPlugin:80 - create IPUIPlugin
2024-05-15 16:08:15,334 [INFO] PluginManager:220 - loadIPPluginJar : add i2c
2024-05-15 16:08:15,366 [INFO] IPUIPlugin:80 - create IPUIPlugin
2024-05-15 16:08:15,366 [INFO] PluginManager:220 - loadIPPluginJar : add i2s
2024-05-15 16:08:15,399 [INFO] IPUIPlugin:80 - create IPUIPlugin
2024-05-15 16:08:15,399 [INFO] PluginManager:220 - loadIPPluginJar : add i3c
2024-05-15 16:08:15,481 [INFO] IPUIPlugin:80 - create IPUIPlugin
2024-05-15 16:08:15,481 [INFO] PluginManager:220 - loadIPPluginJar : add ipddr
2024-05-15 16:08:15,551 [INFO] IPUIPlugin:80 - create IPUIPlugin
2024-05-15 16:08:15,551 [INFO] PluginManager:220 - loadIPPluginJar : add linkedlist
2024-05-15 16:08:15,581 [INFO] IPUIPlugin:80 - create IPUIPlugin
2024-05-15 16:08:15,581 [INFO] PluginManager:220 - loadIPPluginJar : add lorawan
2024-05-15 16:08:15,612 [INFO] IPUIPlugin:80 - create IPUIPlugin
2024-05-15 16:08:15,612 [INFO] PluginManager:220 - loadIPPluginJar : add ltdc
2024-05-15 16:08:15,624 [INFO] IPUIPlugin:80 - create IPUIPlugin
2024-05-15 16:08:15,625 [INFO] PluginManager:220 - loadIPPluginJar : add mdma
2024-05-15 16:08:15,636 [INFO] IPUIPlugin:80 - create IPUIPlugin
2024-05-15 16:08:15,636 [INFO] PluginManager:220 - loadIPPluginJar : add nvic
2024-05-15 16:08:15,664 [INFO] IPUIPlugin:80 - create IPUIPlugin
2024-05-15 16:08:15,664 [INFO] PluginManager:220 - loadIPPluginJar : add opamp
2024-05-15 16:08:15,714 [INFO] IPUIPlugin:80 - create IPUIPlugin
2024-05-15 16:08:15,714 [INFO] PluginManager:220 - loadIPPluginJar : add openamp
2024-05-15 16:08:15,758 [INFO] IPUIPlugin:80 - create IPUIPlugin
2024-05-15 16:08:15,758 [INFO] PluginManager:220 - loadIPPluginJar : add pdm2pcm
2024-05-15 16:08:15,771 [INFO] IPUIPlugin:80 - create IPUIPlugin
2024-05-15 16:08:15,774 [INFO] PluginManager:220 - loadIPPluginJar : add plateformsettings
2024-05-15 16:08:15,793 [INFO] IPUIPlugin:80 - create IPUIPlugin
2024-05-15 16:08:15,793 [INFO] PluginManager:220 - loadIPPluginJar : add quadspi
2024-05-15 16:08:15,805 [INFO] IPUIPlugin:80 - create IPUIPlugin
2024-05-15 16:08:15,805 [INFO] PluginManager:220 - loadIPPluginJar : add resmgrutility
2024-05-15 16:08:15,843 [INFO] IPUIPlugin:80 - create IPUIPlugin
2024-05-15 16:08:15,843 [INFO] PluginManager:220 - loadIPPluginJar : add sai
2024-05-15 16:08:15,872 [INFO] IPUIPlugin:80 - create IPUIPlugin
2024-05-15 16:08:15,872 [INFO] PluginManager:220 - loadIPPluginJar : add spi
2024-05-15 16:08:15,926 [INFO] IPUIPlugin:80 - create IPUIPlugin
2024-05-15 16:08:15,926 [INFO] PluginManager:220 - loadIPPluginJar : add stm32_wpan
2024-05-15 16:08:15,946 [INFO] IPUIPlugin:80 - create IPUIPlugin
2024-05-15 16:08:15,946 [INFO] PluginManager:220 - loadIPPluginJar : add tim
2024-05-15 16:08:15,994 [INFO] IPUIPlugin:80 - create IPUIPlugin
2024-05-15 16:08:15,994 [INFO] PluginManager:220 - loadIPPluginJar : add touchsensing
2024-05-15 16:08:16,013 [INFO] IPUIPlugin:80 - create IPUIPlugin
2024-05-15 16:08:16,013 [INFO] PluginManager:220 - loadIPPluginJar : add tracer_emb
2024-05-15 16:08:16,032 [INFO] IPUIPlugin:80 - create IPUIPlugin
2024-05-15 16:08:16,033 [INFO] PluginManager:220 - loadIPPluginJar : add ts
2024-05-15 16:08:16,054 [INFO] IPUIPlugin:80 - create IPUIPlugin
2024-05-15 16:08:16,054 [INFO] PluginManager:220 - loadIPPluginJar : add tsc
2024-05-15 16:08:16,074 [INFO] IPUIPlugin:80 - create IPUIPlugin
2024-05-15 16:08:16,074 [INFO] PluginManager:220 - loadIPPluginJar : add ucpd
2024-05-15 16:08:16,108 [INFO] IPUIPlugin:80 - create IPUIPlugin
2024-05-15 16:08:16,108 [INFO] PluginManager:220 - loadIPPluginJar : add usart
2024-05-15 16:08:16,144 [INFO] IPUIPlugin:80 - create IPUIPlugin
2024-05-15 16:08:16,144 [INFO] PluginManager:220 - loadIPPluginJar : add usbx
2024-05-15 16:08:16,263 [INFO] CADModel:165 - CPN selected for project level
2024-05-15 16:08:16,263 [INFO] CADModel:114 - Register for checkConnection events
2024-05-15 16:08:16,263 [FATAL] Updater:308 - Updater called before beeing initialized
2024-05-15 16:08:16,263 [ERROR] CADModel:125 - Updater not yet initialized, retry later 
2024-05-15 16:08:16,370 [INFO] CADModel:165 - CPN selected for project level
2024-05-15 16:08:16,370 [INFO] CADModel:114 - Register for checkConnection events
2024-05-15 16:08:16,370 [FATAL] Updater:308 - Updater called before beeing initialized
2024-05-15 16:08:16,370 [ERROR] CADModel:125 - Updater not yet initialized, retry later 
2024-05-15 16:08:16,372 [FATAL] Updater:308 - Updater called before beeing initialized
2024-05-15 16:08:16,464 [FATAL] Updater:308 - Updater called before beeing initialized
2024-05-15 16:08:16,473 [INFO] DbMcusAds:53 - JSON generation date=Thu Sep 30 08:55:09 CEST 2021 (1632984909247)
2024-05-15 16:08:16,473 [FATAL] Updater:308 - Updater called before beeing initialized
2024-05-15 16:08:16,505 [WARN] DetailPanel:346 - Failed to get advertising image, set to default
2024-05-15 16:08:16,574 [FATAL] Updater:308 - Updater called before beeing initialized
2024-05-15 16:08:16,576 [FATAL] Updater:308 - Updater called before beeing initialized
2024-05-15 16:08:16,576 [FATAL] Updater:308 - Updater called before beeing initialized
2024-05-15 16:08:16,576 [WARN] DetailPanel:346 - Failed to get advertising image, set to default
2024-05-15 16:08:16,576 [FATAL] Updater:308 - Updater called before beeing initialized
2024-05-15 16:08:16,628 [ERROR] Updater:1120 - MainUpdater not yet initialized. External WinMGr cannot be set.
2024-05-15 16:08:16,637 [INFO] Updater:1056 - Updater Version found : 6.11.1
2024-05-15 16:08:16,656 [INFO] ApplicationProperties:184 - Using Application install path: C:\ST\STM32CubeIDE_1.15.1\STM32CubeIDE\plugins\com.st.stm32cube.common.mx_6.11.1.202404110753
2024-05-15 16:08:17,161 [INFO] ThirdPartyUpdaterWithRetryManager:70 - Updater plugin not ready yet. [2/15]
2024-05-15 16:08:18,234 [ERROR] LogOutputStream:75 - [STDERR_REDIRECT] May 15, 2024 4:08:18 PM java.util.prefs.WindowsPreferences <init>
2024-05-15 16:08:18,235 [ERROR] LogOutputStream:75 - [STDERR_REDIRECT] WARNING: Could not open/create prefs root node Software\JavaSoft\Prefs at root 0xffffffff80000002. Windows RegCreateKeyEx(...) returned error code 5.
2024-05-15 16:08:18,235 [ERROR] LogOutputStream:75 - [STDERR_REDIRECT] 
2024-05-15 16:08:18,590 [INFO] MainUpdater:2873 - connection check result : 10
2024-05-15 16:08:18,591 [INFO] MainUpdater:290 - Updater Check For Update Now.
2024-05-15 16:08:18,591 [INFO] MicroXplorer:498 - Change Database Version : DB.6.0.111
2024-05-15 16:08:18,608 [INFO] McuFinderGlobals:63 - Set McuFinder mode to 2 (CubeIDE integrated)
2024-05-15 16:08:18,608 [INFO] UserAuth:179 - activating auth plugin
2024-05-15 16:08:18,610 [INFO] UserAuth:415 - Internet connection configuration mode: 1
2024-05-15 16:08:18,638 [INFO] JxBrowserEngine:152 - Initiate JxBrowser Engine with user profile folder
2024-05-15 16:08:18,788 [INFO] CheckServerUpdateThread:120 - End of CheckServer Thread
2024-05-15 16:08:20,363 [WARN] PackLoader:240 - Cannot read IP mode file for STMicroelectronics.FP-SNS-MOTENVWB1.1.4.0
2024-05-15 16:08:20,378 [WARN] PackLoader:240 - Cannot read IP mode file for STMicroelectronics.X-CUBE-SMBUS.2.1.0
2024-05-15 16:08:20,391 [WARN] PackLoader:240 - Cannot read IP mode file for STMicroelectronics.X-CUBE-TOUCHGFX.4.23.0
2024-05-15 16:08:20,402 [WARN] PackLoader:240 - Cannot read IP mode file for STMicroelectronics.X-CUBE-TOUCHGFX.4.23.2
2024-05-15 16:08:20,444 [WARN] PackLoader:240 - Cannot read IP mode file for STMicroelectronics.X-CUBE-AZRTOS-F7.1.1.0
2024-05-15 16:08:20,463 [WARN] PackLoader:240 - Cannot read IP mode file for STMicroelectronics.FP-SNS-MOTENV1.4.3.2
2024-05-15 16:08:20,478 [ERROR] RealEvaluatedCondition:428 - Found unsupported composite condition: CLASS='Data Exchange' GROUP='STM32_MetaDataManager'
2024-05-15 16:08:20,478 [ERROR] RealEvaluatedCondition:428 - Found unsupported composite condition: GROUP='STM32_MetaDataManager' CLASS='Data Exchange'
2024-05-15 16:08:20,479 [WARN] PackLoader:240 - Cannot read IP mode file for STMicroelectronics.FP-SNS-MOTENV1.4.3.1
2024-05-15 16:08:20,496 [WARN] PackLoader:240 - Cannot read IP mode file for STMicroelectronics.FP-SNS-FLIGHT1.5.0.1
2024-05-15 16:08:20,511 [WARN] PackLoader:240 - Cannot read IP mode file for STMicroelectronics.X-CUBE-BLE1.6.2.3
2024-05-15 16:08:20,522 [WARN] PackLoader:240 - Cannot read IP mode file for STMicroelectronics.X-CUBE-BLE1.6.2.4
2024-05-15 16:08:20,536 [WARN] PackLoader:240 - Cannot read IP mode file for STMicroelectronics.FP-SNS-FLIGHT1.5.0.2
2024-05-15 16:08:20,553 [WARN] PackLoader:240 - Cannot read IP mode file for STMicroelectronics.X-CUBE-TOF1.3.1.0
2024-05-15 16:08:20,573 [WARN] PackLoader:240 - Cannot read IP mode file for STMicroelectronics.X-CUBE-DISPLAY.3.0.0
2024-05-15 16:08:20,588 [WARN] PackLoader:240 - Cannot read IP mode file for STMicroelectronics.X-CUBE-BLE1.7.0.0
2024-05-15 16:08:20,601 [WARN] PackLoader:240 - Cannot read IP mode file for emotas.I-CUBE-CANOPEN.1.3.0
2024-05-15 16:08:20,613 [WARN] PackLoader:240 - Cannot read IP mode file for STMicroelectronics.X-CUBE-TOUCHGFX.4.22.0
2024-05-15 16:08:20,627 [WARN] PackLoader:240 - Cannot read IP mode file for STMicroelectronics.X-CUBE-TOUCHGFX.4.22.1
2024-05-15 16:08:20,757 [WARN] PackLoader:240 - Cannot read IP mode file for STMicroelectronics.X-CUBE-MEMS1.9.3.0
2024-05-15 16:08:20,875 [WARN] PackLoader:240 - Cannot read IP mode file for STMicroelectronics.X-CUBE-AI.7.2.0
2024-05-15 16:08:20,894 [WARN] PackLoader:240 - Cannot read IP mode file for STMicroelectronics.X-CUBE-BLEMGR.3.1.0
2024-05-15 16:08:20,911 [WARN] PackLoader:240 - Cannot read IP mode file for STMicroelectronics.FP-SNS-SMARTAG2.1.2.0
2024-05-15 16:08:20,941 [INFO] LogOutputStream:77 - [STDOUT_REDIRECT] 1 : Invalid condition id : UX_CORESTACK_Condition cause : null
2024-05-15 16:08:20,942 [INFO] LogOutputStream:77 - [STDOUT_REDIRECT] 1 : Invalid condition id : UX_CORESTACK_Condition cause : null
2024-05-15 16:08:20,944 [INFO] LogOutputStream:77 - [STDOUT_REDIRECT] 1 : Invalid condition id : UX_CORESTACK_Condition cause : null
2024-05-15 16:08:20,945 [INFO] LogOutputStream:77 - [STDOUT_REDIRECT] 1 : Invalid condition id : UX_CORESTACK_Condition cause : null
2024-05-15 16:08:20,946 [INFO] LogOutputStream:77 - [STDOUT_REDIRECT] 1 : Invalid condition id : UX_CORESTACK_Condition cause : null
2024-05-15 16:08:20,949 [WARN] PackLoader:240 - Cannot read IP mode file for STMicroelectronics.X-CUBE-AZRTOS-WL.2.0.0
2024-05-15 16:08:20,969 [WARN] PackLoader:240 - Cannot read IP mode file for STMicroelectronics.FP-SNS-MOTENV1.5.0.0
2024-05-15 16:08:20,985 [WARN] PackLoader:240 - Cannot read IP mode file for WES.I-CUBE-Cesium.1.3.0
2024-05-15 16:08:20,995 [WARN] PackLoader:240 - Cannot read IP mode file for STMicroelectronics.X-CUBE-BLE2.3.3.0
2024-05-15 16:08:21,009 [WARN] PackLoader:240 - Cannot read IP mode file for STMicroelectronics.X-CUBE-DISPLAY.2.2.0
2024-05-15 16:08:21,027 [WARN] PackLoader:240 - Cannot read IP mode file for STMicroelectronics.X-CUBE-TOF1.3.2.0
2024-05-15 16:08:21,044 [WARN] PackLoader:240 - Cannot read IP mode file for STMicroelectronics.X-CUBE-ISPU.1.0.0
2024-05-15 16:08:21,073 [WARN] PackLoader:240 - Cannot read IP mode file for STMicroelectronics.X-CUBE-AZRTOS-H7.2.1.0
2024-05-15 16:08:21,092 [WARN] PackLoader:240 - Cannot read IP mode file for STMicroelectronics.X-CUBE-TCPP.4.1.0
2024-05-15 16:08:21,108 [WARN] PackLoader:240 - Cannot read IP mode file for STMicroelectronics.X-CUBE-TOUCHGFX.4.21.1
2024-05-15 16:08:21,122 [WARN] PackLoader:240 - Cannot read IP mode file for STMicroelectronics.X-CUBE-TOUCHGFX.4.21.0
2024-05-15 16:08:21,133 [WARN] PackLoader:240 - Cannot read IP mode file for STMicroelectronics.X-CUBE-TOUCHGFX.4.21.4
2024-05-15 16:08:21,172 [WARN] PackLoader:240 - Cannot read IP mode file for STMicroelectronics.X-CUBE-MEMS1.9.4.0
2024-05-15 16:08:21,268 [WARN] PackLoader:240 - Cannot read IP mode file for STMicroelectronics.X-CUBE-AI.7.3.0
2024-05-15 16:08:21,282 [WARN] PackLoader:240 - Cannot read IP mode file for STMicroelectronics.X-CUBE-ALGOBUILD.1.3.0
2024-05-15 16:08:21,307 [WARN] PackLoader:240 - Cannot read IP mode file for STMicroelectronics.X-CUBE-AZRTOS-G0.1.1.0
2024-05-15 16:08:21,324 [WARN] PackLoader:240 - Cannot read IP mode file for STMicroelectronics.X-CUBE-SAFEA1.1.2.2
2024-05-15 16:08:21,340 [WARN] PackLoader:240 - Cannot read IP mode file for STMicroelectronics.X-CUBE-NFC4.3.0.0
2024-05-15 16:08:21,378 [WARN] PackLoader:240 - Cannot read IP mode file for SEGGER.I-CUBE-embOS.1.2.0
2024-05-15 16:08:21,418 [WARN] PackLoader:240 - Cannot read IP mode file for STMicroelectronics.X-CUBE-BLEMGR.3.0.0
2024-05-15 16:08:21,435 [WARN] PackLoader:240 - Cannot read IP mode file for STMicroelectronics.X-CUBE-BLEMGR.1.3.0
2024-05-15 16:08:21,453 [WARN] PackLoader:240 - Cannot read IP mode file for STMicroelectronics.FP-ATR-SIGFOX1.3.2.0
2024-05-15 16:08:21,472 [WARN] PackLoader:240 - Cannot read IP mode file for STMicroelectronics.X-CUBE-EEPRMA1.5.1.0
2024-05-15 16:08:21,495 [WARN] PackLoader:240 - Cannot read IP mode file for emotas.I-CUBE-CANOPEN.1.1.2
2024-05-15 16:08:21,510 [WARN] PackLoader:240 - Cannot read IP mode file for STMicroelectronics.X-CUBE-TOUCHGFX.4.20.0
2024-05-15 16:08:21,561 [WARN] PackLoader:240 - Cannot read IP mode file for STMicroelectronics.X-CUBE-MEMS1.9.5.0
2024-05-15 16:08:21,677 [WARN] PackLoader:240 - Cannot read IP mode file for SEGGER.I-CUBE-embOS.1.3.1
2024-05-15 16:08:21,735 [WARN] PackLoader:240 - Cannot read IP mode file for STMicroelectronics.X-CUBE-ALGOBUILD.1.4.0
2024-05-15 16:08:21,752 [WARN] PackLoader:240 - Cannot read IP mode file for STMicroelectronics.X-CUBE-GNSS1.6.0.0
2024-05-15 16:08:21,782 [WARN] PackLoader:240 - Cannot read IP mode file for STMicroelectronics.X-CUBE-AZRTOS-F4.1.1.0
2024-05-15 16:08:21,801 [WARN] PackLoader:240 - Cannot read IP mode file for STMicroelectronics.X-CUBE-FREERTOS.1.2.0
2024-05-15 16:08:21,815 [WARN] PackLoader:240 - Cannot read IP mode file for wolfSSL.I-CUBE-wolfSSL.5.6.6
2024-05-15 16:08:21,830 [WARN] PackLoader:240 - Cannot read IP mode file for STMicroelectronics.X-CUBE-BLEMGR.1.2.0
2024-05-15 16:08:21,863 [WARN] PackLoader:240 - Cannot read IP mode file for STMicroelectronics.X-CUBE-AZRTOS-L5.2.0.0
2024-05-15 16:08:22,024 [WARN] PackLoader:240 - Cannot read IP mode file for STMicroelectronics.X-CUBE-MEMS1.9.6.0
2024-05-15 16:08:22,174 [INFO] WebApp:161 - Instantiating new browser for Auth
2024-05-15 16:08:22,278 [WARN] PackLoader:240 - Cannot read IP mode file for STMicroelectronics.X-CUBE-EEPRMA1.4.2.0
2024-05-15 16:08:22,311 [WARN] PackLoader:240 - Cannot read IP mode file for STMicroelectronics.X-CUBE-NFC6.3.1.0
2024-05-15 16:08:22,359 [WARN] PackLoader:240 - Cannot read IP mode file for ITTIA_DB.I-CUBE-ITTIADB.8.8.0
2024-05-15 16:08:22,384 [WARN] PackLoader:240 - Cannot read IP mode file for STMicroelectronics.X-CUBE-BLEMGR.2.0.0
2024-05-15 16:08:22,430 [WARN] PackLoader:240 - Cannot read IP mode file for STMicroelectronics.X-CUBE-NFC4.2.0.5
2024-05-15 16:08:22,447 [WARN] PackLoader:240 - Cannot read IP mode file for STMicroelectronics.X-CUBE-NFC4.2.0.4
2024-05-15 16:08:22,464 [WARN] PackLoader:240 - Cannot read IP mode file for STMicroelectronics.X-CUBE-AI.9.0.0
2024-05-15 16:08:22,510 [WARN] ConditionMgr:438 - getConditionDescription Invalid condition id : UX DEVICE CLASS RTOS Condition cause : null
2024-05-15 16:08:22,510 [WARN] ConditionMgr:438 - getConditionDescription Invalid condition id : UX DEVICE CLASS RTOS Condition cause : null
2024-05-15 16:08:22,513 [WARN] PackLoader:240 - Cannot read IP mode file for STMicroelectronics.X-CUBE-AZRTOS-H7.3.1.0
2024-05-15 16:08:22,514 [WARN] ConditionMgr:1039 - genDependencies : Invalid condition id : UX DEVICE CLASS RTOS Condition cause : null
2024-05-15 16:08:22,514 [WARN] ConditionMgr:1039 - genDependencies : Invalid condition id : UX DEVICE CLASS RTOS Condition cause : null
2024-05-15 16:08:22,515 [WARN] ConditionMgr:1039 - genDependencies : Invalid condition id : UX DEVICE CLASS RTOS Condition cause : null
2024-05-15 16:08:22,515 [WARN] ConditionMgr:1039 - genDependencies : Invalid condition id : UX DEVICE CLASS RTOS Condition cause : null
2024-05-15 16:08:22,515 [WARN] ConditionMgr:1039 - genDependencies : Invalid condition id : UX DEVICE CLASS RTOS Condition cause : null
2024-05-15 16:08:22,536 [WARN] PackLoader:240 - Cannot read IP mode file for STMicroelectronics.X-CUBE-NFC7.1.0.1
2024-05-15 16:08:22,553 [WARN] PackLoader:240 - Cannot read IP mode file for STMicroelectronics.X-CUBE-NFC7.1.0.0
2024-05-15 16:08:22,569 [WARN] PackLoader:240 - Cannot read IP mode file for STMicroelectronics.X-CUBE-NFC6.3.0.0
2024-05-15 16:08:22,588 [WARN] PackLoader:240 - Cannot read IP mode file for STMicroelectronics.X-CUBE-EEPRMA1.4.1.0
2024-05-15 16:08:22,610 [WARN] PackLoader:240 - Cannot read IP mode file for STMicroelectronics.X-CUBE-AI.8.1.0
2024-05-15 16:08:22,642 [WARN] ConditionMgr:438 - getConditionDescription Invalid condition id : LAN8742 Phy interface Condition cause : null
2024-05-15 16:08:22,643 [WARN] PackLoader:240 - Cannot read IP mode file for STMicroelectronics.X-CUBE-AZRTOS-L4.2.0.0
2024-05-15 16:08:22,644 [WARN] ConditionMgr:1039 - genDependencies : Invalid condition id : LAN8742 Phy interface Condition cause : null
2024-05-15 16:08:22,644 [WARN] ConditionMgr:1039 - genDependencies : Invalid condition id : LAN8742 Phy interface Condition cause : null
2024-05-15 16:08:22,644 [WARN] ConditionMgr:1039 - genDependencies : Invalid condition id : LAN8742 Phy interface Condition cause : null
2024-05-15 16:08:22,660 [WARN] PackLoader:240 - Cannot read IP mode file for STMicroelectronics.X-CUBE-SFXS2LP1.4.0.0
2024-05-15 16:08:22,686 [WARN] PackLoader:240 - Cannot read IP mode file for STMicroelectronics.X-CUBE-AZRTOS-H7.3.0.0
2024-05-15 16:08:22,701 [WARN] PackLoader:240 - Cannot read IP mode file for STMicroelectronics.X-CUBE-ISPU.1.1.0
2024-05-15 16:08:22,722 [WARN] PackLoader:240 - Cannot read IP mode file for RoweBots.I-CUBE-UNISONRTOS.5.5.0-4
2024-05-15 16:08:22,738 [WARN] PackLoader:240 - Cannot read IP mode file for wolfSSL.I-CUBE-wolfSSL.5.4.0
2024-05-15 16:08:22,753 [WARN] PackLoader:240 - Cannot read IP mode file for STMicroelectronics.X-CUBE-AI.8.0.0
2024-05-15 16:08:22,780 [WARN] ConditionMgr:438 - getConditionDescription Invalid condition id : UX DEVICE CLASS RTOS Condition cause : null
2024-05-15 16:08:22,781 [WARN] ConditionMgr:438 - getConditionDescription Invalid condition id : UX DEVICE CLASS RTOS Condition cause : null
2024-05-15 16:08:22,783 [WARN] PackLoader:240 - Cannot read IP mode file for STMicroelectronics.X-CUBE-AZRTOS-WB.2.0.0
2024-05-15 16:08:22,783 [WARN] ConditionMgr:1039 - genDependencies : Invalid condition id : UX DEVICE CLASS RTOS Condition cause : null
2024-05-15 16:08:22,783 [WARN] ConditionMgr:1039 - genDependencies : Invalid condition id : UX DEVICE CLASS RTOS Condition cause : null
2024-05-15 16:08:22,784 [WARN] ConditionMgr:1039 - genDependencies : Invalid condition id : UX DEVICE CLASS RTOS Condition cause : null
2024-05-15 16:08:22,784 [WARN] ConditionMgr:1039 - genDependencies : Invalid condition id : UX DEVICE CLASS RTOS Condition cause : null
2024-05-15 16:08:22,784 [WARN] ConditionMgr:1039 - genDependencies : Invalid condition id : UX DEVICE CLASS RTOS Condition cause : null
2024-05-15 16:08:22,803 [WARN] PackLoader:240 - Cannot read IP mode file for STMicroelectronics.X-CUBE-FREERTOS.1.0.0
2024-05-15 16:08:22,821 [WARN] PackLoader:240 - Cannot read IP mode file for STMicroelectronics.X-CUBE-FREERTOS.1.0.1
2024-05-15 16:08:22,839 [WARN] PackLoader:240 - Cannot read IP mode file for STMicroelectronics.X-CUBE-BLEMGR.1.0.0
2024-05-15 16:08:22,868 [WARN] PackLoader:240 - Cannot read IP mode file for STMicroelectronics.X-CUBE-AZRTOS-L5.1.1.0
2024-05-15 16:08:22,885 [WARN] PackLoader:240 - Cannot read IP mode file for STMicroelectronics.X-CUBE-AI.8.0.1
2024-05-15 16:08:22,906 [WARN] PackLoader:240 - Cannot read IP mode file for STMicroelectronics.X-CUBE-SUBG2.5.0.0
2024-05-15 16:08:22,924 [WARN] PackLoader:240 - Cannot read IP mode file for Cesanta.I-CUBE-Mongoose.7.13.0
2024-05-15 16:08:22,941 [WARN] PackLoader:240 - Cannot read IP mode file for STMicroelectronics.X-CUBE-TOF1.3.3.1
2024-05-15 16:08:22,969 [WARN] PackLoader:240 - Cannot read IP mode file for STMicroelectronics.X-CUBE-AZRTOS-G4.2.0.0
2024-05-15 16:08:22,971 [INFO] WebApp:779 - Register for checkConnection events
2024-05-15 16:08:22,971 [INFO] WebApp:414 - Apply proxy settings
2024-05-15 16:08:22,972 [INFO] WebApp:499 - Chromium requires no authentication
2024-05-15 16:08:22,976 [INFO] WebApp:442 - Direct internet connection detected
2024-05-15 16:08:22,988 [WARN] PackLoader:240 - Cannot read IP mode file for STMicroelectronics.X-CUBE-TOF1.3.3.0
2024-05-15 16:08:23,008 [WARN] PackLoader:240 - Cannot read IP mode file for STMicroelectronics.FP-ATR-ASTRA1.1.1.1
2024-05-15 16:08:23,036 [WARN] PackLoader:240 - Cannot read IP mode file for Infineon.AIROC-Wi-Fi-Bluetooth-STM32.1.5.1
2024-05-15 16:08:23,054 [WARN] PackLoader:240 - Cannot read IP mode file for STMicroelectronics.FP-ATR-ASTRA1.1.1.0
2024-05-15 16:08:23,078 [WARN] PackLoader:240 - Cannot read IP mode file for STMicroelectronics.FP-SNS-MOTENVWB1.1.3.1
2024-05-15 16:08:23,097 [WARN] PackLoader:240 - Cannot read IP mode file for STMicroelectronics.X-CUBE-AZRTOS-G4.1.0.0
2024-05-15 16:08:23,123 [WARN] PackLoader:240 - Cannot read IP mode file for STMicroelectronics.X-CUBE-AZRTOS-L4.1.0.0
2024-05-15 16:08:23,139 [WARN] PackLoader:240 - Cannot read IP mode file for STMicroelectronics.X-CUBE-ISPU.2.0.0
2024-05-15 16:08:23,168 [INFO] WebApp:192 - Starting web application
2024-05-15 16:08:23,168 [INFO] WebApp:544 - Web application path used C:\ST\STM32CubeIDE_1.15.1\STM32CubeIDE\plugins\com.st.stm32cube.common.mx_6.11.1.202404110753\db\plugins\mcufinder\reactClient1\index.html
2024-05-15 16:08:23,178 [WARN] PackLoader:240 - Cannot read IP mode file for STMicroelectronics.X-CUBE-MEMS1.10.0.0
2024-05-15 16:08:23,291 [WARN] PackLoader:240 - Cannot read IP mode file for STMicroelectronics.X-CUBE-FREERTOS.1.1.0
2024-05-15 16:08:23,309 [WARN] PackLoader:240 - Cannot read IP mode file for STMicroelectronics.X-CUBE-AZRTOS-WL.1.0.0
2024-05-15 16:08:23,327 [WARN] PackLoader:240 - Cannot read IP mode file for portGmbH.I-Cube-SoM-uGOAL.1.1.0
2024-05-15 16:08:23,338 [WARN] PackLoader:240 - Cannot read IP mode file for STMicroelectronics.X-CUBE-ALS.1.0.1
2024-05-15 16:08:23,363 [WARN] PackLoader:240 - Cannot read IP mode file for STMicroelectronics.X-CUBE-AZRTOS-WB.1.1.0
2024-05-15 16:08:23,401 [WARN] PackLoader:240 - Cannot read IP mode file for STMicroelectronics.X-CUBE-AZRTOS-L5.1.0.0
2024-05-15 16:08:23,419 [WARN] PackLoader:240 - Cannot read IP mode file for STMicroelectronics.X-CUBE-EEPRMA1.3.1.1
2024-05-15 16:08:23,452 [WARN] PackLoader:240 - Cannot read IP mode file for STMicroelectronics.X-CUBE-AZRTOS-H7RS.1.0.0
2024-05-15 16:08:23,468 [WARN] PackLoader:240 - Cannot read IP mode file for STMicroelectronics.FP-ATR-ASTRA1.2.0.0
2024-05-15 16:08:23,488 [WARN] PackLoader:240 - Cannot read IP mode file for STMicroelectronics.X-CUBE-TOF1.3.4.0
2024-05-15 16:08:23,515 [WARN] PackLoader:240 - Cannot read IP mode file for STMicroelectronics.X-CUBE-TOF1.3.4.1
2024-05-15 16:08:23,544 [WARN] PackLoader:240 - Cannot read IP mode file for STMicroelectronics.X-CUBE-AZRTOS-H7.3.2.0
2024-05-15 16:08:23,546 [INFO] ThirdParty:978 - Integrity check success = true
2024-05-15 16:08:23,546 [INFO] IntegrityCheckThread:100 - exiting critical section [integrity check]
2024-05-15 16:08:23,546 [INFO] IntegrityCheckThread:103 - End integrity checks thread
2024-05-15 16:17:00,037 [INFO] Activator:176 - 


2024-05-15 16:17:00,039 [INFO] Activator:177 - !SESSION log4j initialized
2024-05-15 16:17:07,454 [INFO] LogOutputStream:77 - [STDOUT_REDIRECT] 
2024-05-15 16:17:10,766 [INFO] ApplicationProperties:184 - Using Application install path: C:\ST\STM32CubeIDE_1.15.1\STM32CubeIDE\plugins\com.st.stm32cube.common.mx_6.11.1.202404110753
2024-05-15 16:17:10,790 [INFO] DbMcusXml:78 - Set database path to: C:\ST\STM32CubeIDE_1.15.1\STM32CubeIDE\plugins\com.st.stm32cube.common.mx_6.11.1.202404110753\\db\/mcu/
2024-05-15 16:17:10,790 [INFO] ApiDb:274 - Set plugin database path to: C:\ST\STM32CubeIDE_1.15.1\STM32CubeIDE\plugins\com.st.stm32cube.common.mx_6.11.1.202404110753\\db\/plugins/boardmanager/
2024-05-15 16:17:10,791 [WARN] ApiDb:259 - Overriding images path with different value:  => C:\ST\STM32CubeIDE_1.15.1\STM32CubeIDE\plugins\com.st.stm32cube.common.mx_6.11.1.202404110753\\db\/plugins/mcufinder/images/
2024-05-15 16:17:10,800 [INFO] ApiDb:250 - Set database path to: C:\Users\markus.hufschmid\.stmcufinder\plugins\mcufinder//mcu/
2024-05-15 16:17:10,801 [INFO] DbMcusAds:125 - Set database path to: C:\Users\markus.hufschmid\.stmcufinder\plugins\mcufinder//mcu/
2024-05-15 16:17:10,805 [INFO] CrossReferenceDbSqlite:203 - Set database path to: C:\Users\markus.hufschmid\.stmcufinder\plugins\mcufinder//mcu/cs/
2024-05-15 16:17:10,992 [INFO] RulesReader:64 - Compatibility file has been processed (297 Rules)
2024-05-15 16:17:11,546 [INFO] DbMcusXml:78 - Set database path to: C:\ST\STM32CubeIDE_1.15.1\STM32CubeIDE\plugins\com.st.stm32cube.common.mx_6.11.1.202404110753\\db\/mcu/
2024-05-15 16:17:11,546 [INFO] ApiDb:274 - Set plugin database path to: C:\ST\STM32CubeIDE_1.15.1\STM32CubeIDE\plugins\com.st.stm32cube.common.mx_6.11.1.202404110753\\db\/plugins/boardmanager/
2024-05-15 16:17:11,547 [INFO] ApiDb:261 - Set plugin images path to: C:\ST\STM32CubeIDE_1.15.1\STM32CubeIDE\plugins\com.st.stm32cube.common.mx_6.11.1.202404110753\\db\/plugins/mcufinder/images/
2024-05-15 16:17:11,547 [WARN] DbFile:41 - Overriding database path with different value: C:\Users\markus.hufschmid\.stmcufinder\plugins\mcufinder/ => C:\Users\markus.hufschmid\.stmcufinder\plugins\mcufinder
2024-05-15 16:17:11,547 [INFO] ApiDb:250 - Set database path to: C:\Users\markus.hufschmid\.stmcufinder\plugins\mcufinder//mcu/
2024-05-15 16:17:11,547 [WARN] DbFile:41 - Overriding database path with different value: C:\Users\markus.hufschmid\.stmcufinder\plugins\mcufinder/ => C:\Users\markus.hufschmid\.stmcufinder\plugins\mcufinder
2024-05-15 16:17:11,547 [INFO] DbMcusAds:125 - Set database path to: C:\Users\markus.hufschmid\.stmcufinder\plugins\mcufinder//mcu/
2024-05-15 16:17:11,547 [WARN] DbFile:41 - Overriding database path with different value: C:\Users\markus.hufschmid\.stmcufinder\plugins\mcufinder/ => C:\Users\markus.hufschmid\.stmcufinder\plugins\mcufinder
2024-05-15 16:17:11,547 [WARN] DbFile:41 - Overriding database path with different value: C:\Users\markus.hufschmid\.stmcufinder\plugins\mcufinder/ => C:\Users\markus.hufschmid\.stmcufinder\plugins\mcufinder
2024-05-15 16:17:11,547 [INFO] CrossReferenceDbSqlite:203 - Set database path to: C:\Users\markus.hufschmid\.stmcufinder\plugins\mcufinder//mcu/cs/
2024-05-15 16:17:11,660 [INFO] MainPanel:264 - HeapMemory: 268435456
2024-05-15 16:17:11,754 [INFO] DbMcusXml:78 - Set database path to: C:\ST\STM32CubeIDE_1.15.1\STM32CubeIDE\plugins\com.st.stm32cube.common.mx_6.11.1.202404110753\\db\/mcu/
2024-05-15 16:17:11,754 [INFO] ApiDb:274 - Set plugin database path to: C:\ST\STM32CubeIDE_1.15.1\STM32CubeIDE\plugins\com.st.stm32cube.common.mx_6.11.1.202404110753\\db\/plugins/boardmanager/
2024-05-15 16:17:11,755 [INFO] ApiDb:261 - Set plugin images path to: C:\ST\STM32CubeIDE_1.15.1\STM32CubeIDE\plugins\com.st.stm32cube.common.mx_6.11.1.202404110753\\db\/plugins/mcufinder/images/
2024-05-15 16:17:11,755 [WARN] DbFile:41 - Overriding database path with different value: C:\Users\markus.hufschmid\.stmcufinder\plugins\mcufinder/ => C:\Users\markus.hufschmid\.stmcufinder\plugins\mcufinder
2024-05-15 16:17:11,755 [INFO] ApiDb:250 - Set database path to: C:\Users\markus.hufschmid\.stmcufinder\plugins\mcufinder//mcu/
2024-05-15 16:17:11,755 [WARN] DbFile:41 - Overriding database path with different value: C:\Users\markus.hufschmid\.stmcufinder\plugins\mcufinder/ => C:\Users\markus.hufschmid\.stmcufinder\plugins\mcufinder
2024-05-15 16:17:11,755 [INFO] DbMcusAds:125 - Set database path to: C:\Users\markus.hufschmid\.stmcufinder\plugins\mcufinder//mcu/
2024-05-15 16:17:11,756 [WARN] DbFile:41 - Overriding database path with different value: C:\Users\markus.hufschmid\.stmcufinder\plugins\mcufinder/ => C:\Users\markus.hufschmid\.stmcufinder\plugins\mcufinder
2024-05-15 16:17:11,756 [WARN] DbFile:41 - Overriding database path with different value: C:\Users\markus.hufschmid\.stmcufinder\plugins\mcufinder/ => C:\Users\markus.hufschmid\.stmcufinder\plugins\mcufinder
2024-05-15 16:17:11,756 [INFO] CrossReferenceDbSqlite:203 - Set database path to: C:\Users\markus.hufschmid\.stmcufinder\plugins\mcufinder//mcu/cs/
2024-05-15 16:17:11,780 [INFO] ApplicationProperties:184 - Using Application install path: C:\ST\STM32CubeIDE_1.15.1\STM32CubeIDE\plugins\com.st.stm32cube.common.mx_6.11.1.202404110753
2024-05-15 16:17:11,782 [INFO] PluginManage:196 - Search for loadable plugins [exclusion list=, ]
2024-05-15 16:17:11,783 [INFO] PluginManage:310 - Check plugin analytics
2024-05-15 16:17:12,070 [INFO] AnalyticsPlugin:253 - Accepted Software Licenses: 
2024-05-15 16:17:12,071 [INFO] AnalyticsPlugin:255 - Accepted CMSIS Pack Licenses: STMicroelectronics.X-CUBE-TOUCHGFX.4.22.1
2024-05-15 16:17:12,071 [INFO] AnalyticsPlugin:257 - Accepted Firmware Licenses: FW.F4.1.27.0,FW.H7.1.11.0
2024-05-15 16:17:12,074 [INFO] PluginManage:359 - Loaded plugin analytics (category:tool,tabindex:-1)
2024-05-15 16:17:12,074 [INFO] PluginManage:310 - Check plugin cadmodel
2024-05-15 16:17:12,081 [INFO] CADModel:105 - Init CAD model plugin
2024-05-15 16:17:12,081 [INFO] PluginManage:359 - Loaded plugin cadmodel (category:power,tabindex:5)
2024-05-15 16:17:12,081 [INFO] PluginManage:310 - Check plugin clock
2024-05-15 16:17:12,093 [INFO] PluginManage:359 - Loaded plugin clock (category:base,tabindex:2)
2024-05-15 16:17:12,094 [INFO] PluginManage:310 - Check plugin ddr
2024-05-15 16:17:12,097 [INFO] PluginManage:359 - Loaded plugin ddr (category:tool,tabindex:6)
2024-05-15 16:17:12,097 [INFO] PluginManage:310 - Check plugin filemanager
2024-05-15 16:17:12,311 [INFO] PluginManage:359 - Loaded plugin filemanager (category:base,tabindex:10)
2024-05-15 16:17:12,311 [INFO] PluginManage:310 - Check plugin ipmanager
2024-05-15 16:17:12,324 [INFO] PluginManage:359 - Loaded plugin ipmanager (category:base,tabindex:5)
2024-05-15 16:17:12,324 [INFO] PluginManage:310 - Check plugin lpbam
2024-05-15 16:17:12,336 [INFO] PluginManage:359 - Loaded plugin lpbam (category:base,tabindex:0)
2024-05-15 16:17:12,336 [INFO] PluginManage:310 - Check plugin memorymap
2024-05-15 16:17:12,354 [INFO] PluginManage:359 - Loaded plugin memorymap (category:base,tabindex:4)
2024-05-15 16:17:12,355 [INFO] PluginManage:310 - Check plugin pinoutandconfiguration
2024-05-15 16:17:12,365 [INFO] PluginManage:359 - Loaded plugin pinoutandconfiguration (category:base,tabindex:1)
2024-05-15 16:17:12,365 [INFO] PluginManage:310 - Check plugin pinoutconfig
2024-05-15 16:17:12,529 [WARN] SupportedApi:132 - Cannot load RTOS API schema: s4s-elt-must-match.1: The content of 'definitions' must match (annotation?, (simpleType | complexType)?, (unique | key | keyref)*)). A problem was found starting at: attribute.
2024-05-15 16:17:12,708 [INFO] PluginManage:359 - Loaded plugin pinoutconfig (category:base,tabindex:0)
2024-05-15 16:17:12,708 [INFO] PluginManage:310 - Check plugin power
2024-05-15 16:17:12,719 [INFO] PluginManage:359 - Loaded plugin power (category:power,tabindex:4)
2024-05-15 16:17:12,720 [INFO] PluginManage:310 - Check plugin projectmanager
2024-05-15 16:17:12,743 [INFO] PluginManage:359 - Loaded plugin projectmanager (category:projectmanager,tabindex:3)
2024-05-15 16:17:12,744 [INFO] PluginManage:310 - Check plugin thirdparty
2024-05-15 16:17:12,926 [INFO] PluginManage:359 - Loaded plugin thirdparty (category:base,tabindex:-1)
2024-05-15 16:17:12,926 [WARN] IntegrityCheckThread:84 - waiting for thirdparty lock release [integrity check]
2024-05-15 16:17:12,926 [INFO] PluginManage:310 - Check plugin tools
2024-05-15 16:17:12,926 [INFO] IntegrityCheckThread:86 - entering critical section [integrity check]
2024-05-15 16:17:12,927 [INFO] ThirdPartyUpdaterWithRetryManager:70 - Updater plugin not ready yet. [1/15]
2024-05-15 16:17:12,930 [INFO] PluginManage:359 - Loaded plugin tools (category:base,tabindex:7)
2024-05-15 16:17:12,930 [INFO] PluginManage:310 - Check plugin tutovideos
2024-05-15 16:17:13,193 [INFO] PluginManage:359 - Loaded plugin tutovideos (category:base,tabindex:-1)
2024-05-15 16:17:13,193 [INFO] PluginManage:310 - Check plugin updater
2024-05-15 16:17:13,207 [INFO] PluginManage:359 - Loaded plugin updater (category:base,tabindex:12)
2024-05-15 16:17:13,208 [INFO] PluginManage:310 - Check plugin userauth
2024-05-15 16:17:13,216 [INFO] UserAuth:114 - Init User Auth plugin
2024-05-15 16:17:13,216 [INFO] PluginManage:359 - Loaded plugin userauth (category:base,tabindex:14)
2024-05-15 16:17:13,216 [INFO] PluginManage:283 - PluginManage : Loaded plugins [17]
2024-05-15 16:17:13,501 [INFO] PinOutPanel:1561 - setPackage(No Configuration,No Configuration)
2024-05-15 16:17:13,599 [INFO] CADModel:165 - CPN selected for project level
2024-05-15 16:17:13,599 [INFO] CADModel:114 - Register for checkConnection events
2024-05-15 16:17:13,621 [INFO] IPUIPlugin:80 - create IPUIPlugin
2024-05-15 16:17:13,621 [INFO] PluginManager:220 - loadIPPluginJar : add adc
2024-05-15 16:17:13,625 [INFO] IPUIPlugin:80 - create IPUIPlugin
2024-05-15 16:17:13,626 [INFO] PluginManager:220 - loadIPPluginJar : add aes
2024-05-15 16:17:13,629 [INFO] IPUIPlugin:80 - create IPUIPlugin
2024-05-15 16:17:13,629 [INFO] PluginManager:220 - loadIPPluginJar : add can
2024-05-15 16:17:13,633 [INFO] IPUIPlugin:80 - create IPUIPlugin
2024-05-15 16:17:13,633 [INFO] PluginManager:220 - loadIPPluginJar : add comp
2024-05-15 16:17:13,637 [INFO] IPUIPlugin:80 - create IPUIPlugin
2024-05-15 16:17:13,637 [INFO] PluginManager:220 - loadIPPluginJar : add cryp
2024-05-15 16:17:13,641 [INFO] IPUIPlugin:80 - create IPUIPlugin
2024-05-15 16:17:13,641 [INFO] PluginManager:220 - loadIPPluginJar : add dfsdm
2024-05-15 16:17:13,648 [INFO] IPUIPlugin:80 - create IPUIPlugin
2024-05-15 16:17:13,649 [INFO] PluginManager:220 - loadIPPluginJar : add dma
2024-05-15 16:17:13,653 [INFO] IPUIPlugin:80 - create IPUIPlugin
2024-05-15 16:17:13,653 [INFO] PluginManager:220 - loadIPPluginJar : add dma3
2024-05-15 16:17:13,657 [INFO] IPUIPlugin:80 - create IPUIPlugin
2024-05-15 16:17:13,657 [INFO] PluginManager:220 - loadIPPluginJar : add extmemmanager
2024-05-15 16:17:13,661 [INFO] IPUIPlugin:80 - create IPUIPlugin
2024-05-15 16:17:13,661 [INFO] PluginManager:220 - loadIPPluginJar : add fatfs
2024-05-15 16:17:13,667 [INFO] IPUIPlugin:80 - create IPUIPlugin
2024-05-15 16:17:13,667 [INFO] PluginManager:220 - loadIPPluginJar : add fmc
2024-05-15 16:17:13,674 [INFO] IPUIPlugin:80 - create IPUIPlugin
2024-05-15 16:17:13,674 [INFO] PluginManager:220 - loadIPPluginJar : add freertos
2024-05-15 16:17:13,676 [INFO] IPUIPlugin:80 - create IPUIPlugin
2024-05-15 16:17:13,676 [INFO] PluginManager:220 - loadIPPluginJar : add genericplugin
2024-05-15 16:17:13,679 [INFO] IPUIPlugin:80 - create IPUIPlugin
2024-05-15 16:17:13,680 [INFO] PluginManager:220 - loadIPPluginJar : add gfxmmu
2024-05-15 16:17:13,686 [INFO] IPUIPlugin:80 - create IPUIPlugin
2024-05-15 16:17:13,686 [INFO] PluginManager:220 - loadIPPluginJar : add gic
2024-05-15 16:17:13,692 [INFO] IPUIPlugin:80 - create IPUIPlugin
2024-05-15 16:17:13,693 [INFO] PluginManager:220 - loadIPPluginJar : add gpio
2024-05-15 16:17:13,696 [INFO] IPUIPlugin:80 - create IPUIPlugin
2024-05-15 16:17:13,697 [INFO] PluginManager:220 - loadIPPluginJar : add gtzc
2024-05-15 16:17:13,701 [INFO] IPUIPlugin:80 - create IPUIPlugin
2024-05-15 16:17:13,701 [INFO] PluginManager:220 - loadIPPluginJar : add hash
2024-05-15 16:17:13,705 [INFO] IPUIPlugin:80 - create IPUIPlugin
2024-05-15 16:17:13,705 [INFO] PluginManager:220 - loadIPPluginJar : add i2c
2024-05-15 16:17:13,709 [INFO] IPUIPlugin:80 - create IPUIPlugin
2024-05-15 16:17:13,709 [INFO] PluginManager:220 - loadIPPluginJar : add i2s
2024-05-15 16:17:13,712 [INFO] IPUIPlugin:80 - create IPUIPlugin
2024-05-15 16:17:13,712 [INFO] PluginManager:220 - loadIPPluginJar : add i3c
2024-05-15 16:17:13,717 [INFO] IPUIPlugin:80 - create IPUIPlugin
2024-05-15 16:17:13,717 [INFO] PluginManager:220 - loadIPPluginJar : add ipddr
2024-05-15 16:17:13,726 [INFO] IPUIPlugin:80 - create IPUIPlugin
2024-05-15 16:17:13,726 [INFO] PluginManager:220 - loadIPPluginJar : add linkedlist
2024-05-15 16:17:13,729 [INFO] IPUIPlugin:80 - create IPUIPlugin
2024-05-15 16:17:13,730 [INFO] PluginManager:220 - loadIPPluginJar : add lorawan
2024-05-15 16:17:13,731 [INFO] IPUIPlugin:80 - create IPUIPlugin
2024-05-15 16:17:13,732 [INFO] PluginManager:220 - loadIPPluginJar : add ltdc
2024-05-15 16:17:13,739 [INFO] IPUIPlugin:80 - create IPUIPlugin
2024-05-15 16:17:13,739 [INFO] PluginManager:220 - loadIPPluginJar : add mdma
2024-05-15 16:17:13,743 [INFO] IPUIPlugin:80 - create IPUIPlugin
2024-05-15 16:17:13,743 [INFO] PluginManager:220 - loadIPPluginJar : add nvic
2024-05-15 16:17:13,747 [INFO] IPUIPlugin:80 - create IPUIPlugin
2024-05-15 16:17:13,747 [INFO] PluginManager:220 - loadIPPluginJar : add opamp
2024-05-15 16:17:13,751 [INFO] IPUIPlugin:80 - create IPUIPlugin
2024-05-15 16:17:13,751 [INFO] PluginManager:220 - loadIPPluginJar : add openamp
2024-05-15 16:17:13,755 [INFO] IPUIPlugin:80 - create IPUIPlugin
2024-05-15 16:17:13,755 [INFO] PluginManager:220 - loadIPPluginJar : add pdm2pcm
2024-05-15 16:17:13,773 [INFO] IPUIPlugin:80 - create IPUIPlugin
2024-05-15 16:17:13,776 [INFO] PluginManager:220 - loadIPPluginJar : add plateformsettings
2024-05-15 16:17:13,779 [INFO] IPUIPlugin:80 - create IPUIPlugin
2024-05-15 16:17:13,779 [INFO] PluginManager:220 - loadIPPluginJar : add quadspi
2024-05-15 16:17:13,783 [INFO] IPUIPlugin:80 - create IPUIPlugin
2024-05-15 16:17:13,784 [INFO] PluginManager:220 - loadIPPluginJar : add resmgrutility
2024-05-15 16:17:13,787 [INFO] IPUIPlugin:80 - create IPUIPlugin
2024-05-15 16:17:13,787 [INFO] PluginManager:220 - loadIPPluginJar : add sai
2024-05-15 16:17:13,790 [INFO] IPUIPlugin:80 - create IPUIPlugin
2024-05-15 16:17:13,791 [INFO] PluginManager:220 - loadIPPluginJar : add spi
2024-05-15 16:17:13,797 [INFO] IPUIPlugin:80 - create IPUIPlugin
2024-05-15 16:17:13,797 [INFO] PluginManager:220 - loadIPPluginJar : add stm32_wpan
2024-05-15 16:17:13,799 [INFO] IPUIPlugin:80 - create IPUIPlugin
2024-05-15 16:17:13,800 [INFO] PluginManager:220 - loadIPPluginJar : add tim
2024-05-15 16:17:13,803 [INFO] IPUIPlugin:80 - create IPUIPlugin
2024-05-15 16:17:13,803 [INFO] PluginManager:220 - loadIPPluginJar : add touchsensing
2024-05-15 16:17:13,806 [INFO] IPUIPlugin:80 - create IPUIPlugin
2024-05-15 16:17:13,806 [INFO] PluginManager:220 - loadIPPluginJar : add tracer_emb
2024-05-15 16:17:13,809 [INFO] IPUIPlugin:80 - create IPUIPlugin
2024-05-15 16:17:13,809 [INFO] PluginManager:220 - loadIPPluginJar : add ts
2024-05-15 16:17:13,811 [INFO] IPUIPlugin:80 - create IPUIPlugin
2024-05-15 16:17:13,811 [INFO] PluginManager:220 - loadIPPluginJar : add tsc
2024-05-15 16:17:13,813 [INFO] IPUIPlugin:80 - create IPUIPlugin
2024-05-15 16:17:13,813 [INFO] PluginManager:220 - loadIPPluginJar : add ucpd
2024-05-15 16:17:13,817 [INFO] IPUIPlugin:80 - create IPUIPlugin
2024-05-15 16:17:13,817 [INFO] PluginManager:220 - loadIPPluginJar : add usart
2024-05-15 16:17:13,821 [INFO] IPUIPlugin:80 - create IPUIPlugin
2024-05-15 16:17:13,821 [INFO] PluginManager:220 - loadIPPluginJar : add usbx
2024-05-15 16:17:13,966 [INFO] CADModel:165 - CPN selected for project level
2024-05-15 16:17:13,966 [INFO] CADModel:114 - Register for checkConnection events
2024-05-15 16:17:13,966 [FATAL] Updater:308 - Updater called before beeing initialized
2024-05-15 16:17:13,966 [ERROR] CADModel:125 - Updater not yet initialized, retry later 
2024-05-15 16:17:14,196 [INFO] CADModel:165 - CPN selected for project level
2024-05-15 16:17:14,196 [INFO] CADModel:114 - Register for checkConnection events
2024-05-15 16:17:14,196 [FATAL] Updater:308 - Updater called before beeing initialized
2024-05-15 16:17:14,196 [ERROR] CADModel:125 - Updater not yet initialized, retry later 
2024-05-15 16:17:14,200 [FATAL] Updater:308 - Updater called before beeing initialized
2024-05-15 16:17:14,495 [FATAL] Updater:308 - Updater called before beeing initialized
2024-05-15 16:17:14,500 [INFO] DbMcusAds:53 - JSON generation date=Thu Sep 30 08:55:09 CEST 2021 (1632984909247)
2024-05-15 16:17:14,501 [FATAL] Updater:308 - Updater called before beeing initialized
2024-05-15 16:17:14,553 [WARN] DetailPanel:346 - Failed to get advertising image, set to default
2024-05-15 16:17:14,765 [FATAL] Updater:308 - Updater called before beeing initialized
2024-05-15 16:17:14,767 [FATAL] Updater:308 - Updater called before beeing initialized
2024-05-15 16:17:14,767 [FATAL] Updater:308 - Updater called before beeing initialized
2024-05-15 16:17:14,767 [WARN] DetailPanel:346 - Failed to get advertising image, set to default
2024-05-15 16:17:14,768 [FATAL] Updater:308 - Updater called before beeing initialized
2024-05-15 16:17:14,834 [ERROR] Updater:1120 - MainUpdater not yet initialized. External WinMGr cannot be set.
2024-05-15 16:17:14,836 [INFO] Updater:1056 - Updater Version found : 6.11.1
2024-05-15 16:17:14,855 [INFO] ApplicationProperties:184 - Using Application install path: C:\ST\STM32CubeIDE_1.15.1\STM32CubeIDE\plugins\com.st.stm32cube.common.mx_6.11.1.202404110753
2024-05-15 16:17:15,928 [INFO] ThirdPartyUpdaterWithRetryManager:70 - Updater plugin not ready yet. [2/15]
2024-05-15 16:17:16,438 [ERROR] LogOutputStream:75 - [STDERR_REDIRECT] May 15, 2024 4:17:16 PM java.util.prefs.WindowsPreferences <init>
2024-05-15 16:17:16,440 [ERROR] LogOutputStream:75 - [STDERR_REDIRECT] WARNING: Could not open/create prefs root node Software\JavaSoft\Prefs at root 0xffffffff80000002. Windows RegCreateKeyEx(...) returned error code 5.
2024-05-15 16:17:16,441 [ERROR] LogOutputStream:75 - [STDERR_REDIRECT] 
2024-05-15 16:17:16,806 [INFO] MainUpdater:2873 - connection check result : 10
2024-05-15 16:17:16,807 [INFO] MainUpdater:290 - Updater Check For Update Now.
2024-05-15 16:17:16,807 [INFO] MicroXplorer:498 - Change Database Version : DB.6.0.111
2024-05-15 16:17:16,814 [INFO] McuFinderGlobals:63 - Set McuFinder mode to 2 (CubeIDE integrated)
2024-05-15 16:17:16,814 [INFO] UserAuth:179 - activating auth plugin
2024-05-15 16:17:16,817 [INFO] UserAuth:415 - Internet connection configuration mode: 1
2024-05-15 16:17:16,835 [INFO] JxBrowserEngine:152 - Initiate JxBrowser Engine with user profile folder
2024-05-15 16:17:17,041 [INFO] CheckServerUpdateThread:120 - End of CheckServer Thread
2024-05-15 16:17:19,233 [WARN] PackLoader:240 - Cannot read IP mode file for STMicroelectronics.FP-SNS-MOTENVWB1.1.4.0
2024-05-15 16:17:19,246 [WARN] PackLoader:240 - Cannot read IP mode file for STMicroelectronics.X-CUBE-SMBUS.2.1.0
2024-05-15 16:17:19,254 [WARN] PackLoader:240 - Cannot read IP mode file for STMicroelectronics.X-CUBE-TOUCHGFX.4.23.0
2024-05-15 16:17:19,258 [WARN] PackLoader:240 - Cannot read IP mode file for STMicroelectronics.X-CUBE-TOUCHGFX.4.23.2
2024-05-15 16:17:19,301 [WARN] PackLoader:240 - Cannot read IP mode file for STMicroelectronics.X-CUBE-AZRTOS-F7.1.1.0
2024-05-15 16:17:19,317 [WARN] PackLoader:240 - Cannot read IP mode file for STMicroelectronics.FP-SNS-MOTENV1.4.3.2
2024-05-15 16:17:19,327 [ERROR] RealEvaluatedCondition:428 - Found unsupported composite condition: CLASS='Data Exchange' GROUP='STM32_MetaDataManager'
2024-05-15 16:17:19,328 [ERROR] RealEvaluatedCondition:428 - Found unsupported composite condition: GROUP='STM32_MetaDataManager' CLASS='Data Exchange'
2024-05-15 16:17:19,330 [WARN] PackLoader:240 - Cannot read IP mode file for STMicroelectronics.FP-SNS-MOTENV1.4.3.1
2024-05-15 16:17:19,341 [WARN] PackLoader:240 - Cannot read IP mode file for STMicroelectronics.FP-SNS-FLIGHT1.5.0.1
2024-05-15 16:17:19,353 [WARN] PackLoader:240 - Cannot read IP mode file for STMicroelectronics.X-CUBE-BLE1.6.2.3
2024-05-15 16:17:19,362 [WARN] PackLoader:240 - Cannot read IP mode file for STMicroelectronics.X-CUBE-BLE1.6.2.4
2024-05-15 16:17:19,369 [WARN] PackLoader:240 - Cannot read IP mode file for STMicroelectronics.FP-SNS-FLIGHT1.5.0.2
2024-05-15 16:17:19,390 [WARN] PackLoader:240 - Cannot read IP mode file for STMicroelectronics.X-CUBE-TOF1.3.1.0
2024-05-15 16:17:19,414 [WARN] PackLoader:240 - Cannot read IP mode file for STMicroelectronics.X-CUBE-DISPLAY.3.0.0
2024-05-15 16:17:19,430 [WARN] PackLoader:240 - Cannot read IP mode file for STMicroelectronics.X-CUBE-BLE1.7.0.0
2024-05-15 16:17:19,441 [WARN] PackLoader:240 - Cannot read IP mode file for emotas.I-CUBE-CANOPEN.1.3.0
2024-05-15 16:17:19,447 [WARN] PackLoader:240 - Cannot read IP mode file for STMicroelectronics.X-CUBE-TOUCHGFX.4.22.0
2024-05-15 16:17:19,454 [WARN] PackLoader:240 - Cannot read IP mode file for STMicroelectronics.X-CUBE-TOUCHGFX.4.22.1
2024-05-15 16:17:19,665 [WARN] PackLoader:240 - Cannot read IP mode file for STMicroelectronics.X-CUBE-MEMS1.9.3.0
2024-05-15 16:17:19,879 [WARN] PackLoader:240 - Cannot read IP mode file for STMicroelectronics.X-CUBE-AI.7.2.0
2024-05-15 16:17:19,892 [WARN] PackLoader:240 - Cannot read IP mode file for STMicroelectronics.X-CUBE-BLEMGR.3.1.0
2024-05-15 16:17:19,902 [WARN] PackLoader:240 - Cannot read IP mode file for STMicroelectronics.FP-SNS-SMARTAG2.1.2.0
2024-05-15 16:17:19,916 [INFO] LogOutputStream:77 - [STDOUT_REDIRECT] 1 : Invalid condition id : UX_CORESTACK_Condition cause : null
2024-05-15 16:17:19,917 [INFO] LogOutputStream:77 - [STDOUT_REDIRECT] 1 : Invalid condition id : UX_CORESTACK_Condition cause : null
2024-05-15 16:17:19,918 [INFO] LogOutputStream:77 - [STDOUT_REDIRECT] 1 : Invalid condition id : UX_CORESTACK_Condition cause : null
2024-05-15 16:17:19,920 [INFO] LogOutputStream:77 - [STDOUT_REDIRECT] 1 : Invalid condition id : UX_CORESTACK_Condition cause : null
2024-05-15 16:17:19,920 [INFO] LogOutputStream:77 - [STDOUT_REDIRECT] 1 : Invalid condition id : UX_CORESTACK_Condition cause : null
2024-05-15 16:17:19,925 [WARN] PackLoader:240 - Cannot read IP mode file for STMicroelectronics.X-CUBE-AZRTOS-WL.2.0.0
2024-05-15 16:17:19,932 [WARN] PackLoader:240 - Cannot read IP mode file for STMicroelectronics.FP-SNS-MOTENV1.5.0.0
2024-05-15 16:17:19,944 [WARN] PackLoader:240 - Cannot read IP mode file for WES.I-CUBE-Cesium.1.3.0
2024-05-15 16:17:19,952 [WARN] PackLoader:240 - Cannot read IP mode file for STMicroelectronics.X-CUBE-BLE2.3.3.0
2024-05-15 16:17:19,959 [WARN] PackLoader:240 - Cannot read IP mode file for STMicroelectronics.X-CUBE-DISPLAY.2.2.0
2024-05-15 16:17:19,975 [WARN] PackLoader:240 - Cannot read IP mode file for STMicroelectronics.X-CUBE-TOF1.3.2.0
2024-05-15 16:17:19,988 [WARN] PackLoader:240 - Cannot read IP mode file for STMicroelectronics.X-CUBE-ISPU.1.0.0
2024-05-15 16:17:20,013 [WARN] PackLoader:240 - Cannot read IP mode file for STMicroelectronics.X-CUBE-AZRTOS-H7.2.1.0
2024-05-15 16:17:20,025 [WARN] PackLoader:240 - Cannot read IP mode file for STMicroelectronics.X-CUBE-TCPP.4.1.0
2024-05-15 16:17:20,030 [WARN] PackLoader:240 - Cannot read IP mode file for STMicroelectronics.X-CUBE-TOUCHGFX.4.21.1
2024-05-15 16:17:20,032 [WARN] PackLoader:240 - Cannot read IP mode file for STMicroelectronics.X-CUBE-TOUCHGFX.4.21.0
2024-05-15 16:17:20,036 [WARN] PackLoader:240 - Cannot read IP mode file for STMicroelectronics.X-CUBE-TOUCHGFX.4.21.4
2024-05-15 16:17:20,093 [WARN] PackLoader:240 - Cannot read IP mode file for STMicroelectronics.X-CUBE-MEMS1.9.4.0
2024-05-15 16:17:20,300 [WARN] PackLoader:240 - Cannot read IP mode file for STMicroelectronics.X-CUBE-AI.7.3.0
2024-05-15 16:17:20,308 [WARN] PackLoader:240 - Cannot read IP mode file for STMicroelectronics.X-CUBE-ALGOBUILD.1.3.0
2024-05-15 16:17:20,330 [WARN] PackLoader:240 - Cannot read IP mode file for STMicroelectronics.X-CUBE-AZRTOS-G0.1.1.0
2024-05-15 16:17:20,341 [WARN] PackLoader:240 - Cannot read IP mode file for STMicroelectronics.X-CUBE-SAFEA1.1.2.2
2024-05-15 16:17:20,349 [WARN] PackLoader:240 - Cannot read IP mode file for STMicroelectronics.X-CUBE-NFC4.3.0.0
2024-05-15 16:17:20,403 [WARN] PackLoader:240 - Cannot read IP mode file for SEGGER.I-CUBE-embOS.1.2.0
2024-05-15 16:17:20,470 [WARN] PackLoader:240 - Cannot read IP mode file for STMicroelectronics.X-CUBE-BLEMGR.3.0.0
2024-05-15 16:17:20,481 [WARN] PackLoader:240 - Cannot read IP mode file for STMicroelectronics.X-CUBE-BLEMGR.1.3.0
2024-05-15 16:17:20,490 [WARN] PackLoader:240 - Cannot read IP mode file for STMicroelectronics.FP-ATR-SIGFOX1.3.2.0
2024-05-15 16:17:20,498 [WARN] PackLoader:240 - Cannot read IP mode file for STMicroelectronics.X-CUBE-EEPRMA1.5.1.0
2024-05-15 16:17:20,507 [WARN] PackLoader:240 - Cannot read IP mode file for emotas.I-CUBE-CANOPEN.1.1.2
2024-05-15 16:17:20,511 [WARN] PackLoader:240 - Cannot read IP mode file for STMicroelectronics.X-CUBE-TOUCHGFX.4.20.0
2024-05-15 16:17:20,562 [WARN] PackLoader:240 - Cannot read IP mode file for STMicroelectronics.X-CUBE-MEMS1.9.5.0
2024-05-15 16:17:20,821 [WARN] PackLoader:240 - Cannot read IP mode file for SEGGER.I-CUBE-embOS.1.3.1
2024-05-15 16:17:20,877 [WARN] PackLoader:240 - Cannot read IP mode file for STMicroelectronics.X-CUBE-ALGOBUILD.1.4.0
2024-05-15 16:17:20,885 [WARN] PackLoader:240 - Cannot read IP mode file for STMicroelectronics.X-CUBE-GNSS1.6.0.0
2024-05-15 16:17:20,923 [WARN] PackLoader:240 - Cannot read IP mode file for STMicroelectronics.X-CUBE-AZRTOS-F4.1.1.0
2024-05-15 16:17:20,935 [WARN] PackLoader:240 - Cannot read IP mode file for STMicroelectronics.X-CUBE-FREERTOS.1.2.0
2024-05-15 16:17:20,942 [WARN] PackLoader:240 - Cannot read IP mode file for wolfSSL.I-CUBE-wolfSSL.5.6.6
2024-05-15 16:17:20,952 [WARN] PackLoader:240 - Cannot read IP mode file for STMicroelectronics.X-CUBE-BLEMGR.1.2.0
2024-05-15 16:17:20,989 [WARN] PackLoader:240 - Cannot read IP mode file for STMicroelectronics.X-CUBE-AZRTOS-L5.2.0.0
2024-05-15 16:17:21,057 [WARN] PackLoader:240 - Cannot read IP mode file for STMicroelectronics.X-CUBE-MEMS1.9.6.0
2024-05-15 16:17:21,277 [WARN] PackLoader:240 - Cannot read IP mode file for STMicroelectronics.X-CUBE-EEPRMA1.4.2.0
2024-05-15 16:17:21,291 [WARN] PackLoader:240 - Cannot read IP mode file for STMicroelectronics.X-CUBE-NFC6.3.1.0
2024-05-15 16:17:21,303 [WARN] PackLoader:240 - Cannot read IP mode file for ITTIA_DB.I-CUBE-ITTIADB.8.8.0
2024-05-15 16:17:21,315 [WARN] PackLoader:240 - Cannot read IP mode file for STMicroelectronics.X-CUBE-BLEMGR.2.0.0
2024-05-15 16:17:21,324 [WARN] PackLoader:240 - Cannot read IP mode file for STMicroelectronics.X-CUBE-NFC4.2.0.5
2024-05-15 16:17:21,332 [WARN] PackLoader:240 - Cannot read IP mode file for STMicroelectronics.X-CUBE-NFC4.2.0.4
2024-05-15 16:17:21,338 [WARN] PackLoader:240 - Cannot read IP mode file for STMicroelectronics.X-CUBE-AI.9.0.0
2024-05-15 16:17:21,364 [WARN] ConditionMgr:438 - getConditionDescription Invalid condition id : UX DEVICE CLASS RTOS Condition cause : null
2024-05-15 16:17:21,364 [WARN] ConditionMgr:438 - getConditionDescription Invalid condition id : UX DEVICE CLASS RTOS Condition cause : null
2024-05-15 16:17:21,369 [WARN] PackLoader:240 - Cannot read IP mode file for STMicroelectronics.X-CUBE-AZRTOS-H7.3.1.0
2024-05-15 16:17:21,371 [WARN] ConditionMgr:1039 - genDependencies : Invalid condition id : UX DEVICE CLASS RTOS Condition cause : null
2024-05-15 16:17:21,371 [WARN] ConditionMgr:1039 - genDependencies : Invalid condition id : UX DEVICE CLASS RTOS Condition cause : null
2024-05-15 16:17:21,372 [WARN] ConditionMgr:1039 - genDependencies : Invalid condition id : UX DEVICE CLASS RTOS Condition cause : null
2024-05-15 16:17:21,373 [WARN] ConditionMgr:1039 - genDependencies : Invalid condition id : UX DEVICE CLASS RTOS Condition cause : null
2024-05-15 16:17:21,373 [WARN] ConditionMgr:1039 - genDependencies : Invalid condition id : UX DEVICE CLASS RTOS Condition cause : null
2024-05-15 16:17:21,384 [WARN] PackLoader:240 - Cannot read IP mode file for STMicroelectronics.X-CUBE-NFC7.1.0.1
2024-05-15 16:17:21,391 [WARN] PackLoader:240 - Cannot read IP mode file for STMicroelectronics.X-CUBE-NFC7.1.0.0
2024-05-15 16:17:21,402 [WARN] PackLoader:240 - Cannot read IP mode file for STMicroelectronics.X-CUBE-NFC6.3.0.0
2024-05-15 16:17:21,413 [WARN] PackLoader:240 - Cannot read IP mode file for STMicroelectronics.X-CUBE-EEPRMA1.4.1.0
2024-05-15 16:17:21,420 [WARN] PackLoader:240 - Cannot read IP mode file for STMicroelectronics.X-CUBE-AI.8.1.0
2024-05-15 16:17:21,448 [WARN] ConditionMgr:438 - getConditionDescription Invalid condition id : LAN8742 Phy interface Condition cause : null
2024-05-15 16:17:21,449 [WARN] PackLoader:240 - Cannot read IP mode file for STMicroelectronics.X-CUBE-AZRTOS-L4.2.0.0
2024-05-15 16:17:21,451 [WARN] ConditionMgr:1039 - genDependencies : Invalid condition id : LAN8742 Phy interface Condition cause : null
2024-05-15 16:17:21,451 [WARN] ConditionMgr:1039 - genDependencies : Invalid condition id : LAN8742 Phy interface Condition cause : null
2024-05-15 16:17:21,452 [WARN] ConditionMgr:1039 - genDependencies : Invalid condition id : LAN8742 Phy interface Condition cause : null
2024-05-15 16:17:21,463 [WARN] PackLoader:240 - Cannot read IP mode file for STMicroelectronics.X-CUBE-SFXS2LP1.4.0.0
2024-05-15 16:17:21,494 [WARN] PackLoader:240 - Cannot read IP mode file for STMicroelectronics.X-CUBE-AZRTOS-H7.3.0.0
2024-05-15 16:17:21,503 [WARN] PackLoader:240 - Cannot read IP mode file for STMicroelectronics.X-CUBE-ISPU.1.1.0
2024-05-15 16:17:21,514 [WARN] PackLoader:240 - Cannot read IP mode file for RoweBots.I-CUBE-UNISONRTOS.5.5.0-4
2024-05-15 16:17:21,519 [WARN] PackLoader:240 - Cannot read IP mode file for wolfSSL.I-CUBE-wolfSSL.5.4.0
2024-05-15 16:17:21,523 [WARN] PackLoader:240 - Cannot read IP mode file for STMicroelectronics.X-CUBE-AI.8.0.0
2024-05-15 16:17:21,544 [WARN] ConditionMgr:438 - getConditionDescription Invalid condition id : UX DEVICE CLASS RTOS Condition cause : null
2024-05-15 16:17:21,544 [WARN] ConditionMgr:438 - getConditionDescription Invalid condition id : UX DEVICE CLASS RTOS Condition cause : null
2024-05-15 16:17:21,548 [WARN] PackLoader:240 - Cannot read IP mode file for STMicroelectronics.X-CUBE-AZRTOS-WB.2.0.0
2024-05-15 16:17:21,549 [WARN] ConditionMgr:1039 - genDependencies : Invalid condition id : UX DEVICE CLASS RTOS Condition cause : null
2024-05-15 16:17:21,549 [WARN] ConditionMgr:1039 - genDependencies : Invalid condition id : UX DEVICE CLASS RTOS Condition cause : null
2024-05-15 16:17:21,550 [WARN] ConditionMgr:1039 - genDependencies : Invalid condition id : UX DEVICE CLASS RTOS Condition cause : null
2024-05-15 16:17:21,550 [WARN] ConditionMgr:1039 - genDependencies : Invalid condition id : UX DEVICE CLASS RTOS Condition cause : null
2024-05-15 16:17:21,551 [WARN] ConditionMgr:1039 - genDependencies : Invalid condition id : UX DEVICE CLASS RTOS Condition cause : null
2024-05-15 16:17:21,558 [WARN] PackLoader:240 - Cannot read IP mode file for STMicroelectronics.X-CUBE-FREERTOS.1.0.0
2024-05-15 16:17:21,565 [WARN] PackLoader:240 - Cannot read IP mode file for STMicroelectronics.X-CUBE-FREERTOS.1.0.1
2024-05-15 16:17:21,575 [WARN] PackLoader:240 - Cannot read IP mode file for STMicroelectronics.X-CUBE-BLEMGR.1.0.0
2024-05-15 16:17:21,601 [WARN] PackLoader:240 - Cannot read IP mode file for STMicroelectronics.X-CUBE-AZRTOS-L5.1.1.0
2024-05-15 16:17:21,610 [WARN] PackLoader:240 - Cannot read IP mode file for STMicroelectronics.X-CUBE-AI.8.0.1
2024-05-15 16:17:21,626 [WARN] PackLoader:240 - Cannot read IP mode file for STMicroelectronics.X-CUBE-SUBG2.5.0.0
2024-05-15 16:17:21,640 [WARN] PackLoader:240 - Cannot read IP mode file for Cesanta.I-CUBE-Mongoose.7.13.0
2024-05-15 16:17:21,655 [WARN] PackLoader:240 - Cannot read IP mode file for STMicroelectronics.X-CUBE-TOF1.3.3.1
2024-05-15 16:17:21,690 [WARN] PackLoader:240 - Cannot read IP mode file for STMicroelectronics.X-CUBE-AZRTOS-G4.2.0.0
2024-05-15 16:17:21,706 [WARN] PackLoader:240 - Cannot read IP mode file for STMicroelectronics.X-CUBE-TOF1.3.3.0
2024-05-15 16:17:21,724 [WARN] PackLoader:240 - Cannot read IP mode file for STMicroelectronics.FP-ATR-ASTRA1.1.1.1
2024-05-15 16:17:21,743 [WARN] PackLoader:240 - Cannot read IP mode file for Infineon.AIROC-Wi-Fi-Bluetooth-STM32.1.5.1
2024-05-15 16:17:21,751 [WARN] PackLoader:240 - Cannot read IP mode file for STMicroelectronics.FP-ATR-ASTRA1.1.1.0
2024-05-15 16:17:21,756 [WARN] PackLoader:240 - Cannot read IP mode file for STMicroelectronics.FP-SNS-MOTENVWB1.1.3.1
2024-05-15 16:17:21,775 [WARN] PackLoader:240 - Cannot read IP mode file for STMicroelectronics.X-CUBE-AZRTOS-G4.1.0.0
2024-05-15 16:17:21,802 [WARN] PackLoader:240 - Cannot read IP mode file for STMicroelectronics.X-CUBE-AZRTOS-L4.1.0.0
2024-05-15 16:17:21,811 [WARN] PackLoader:240 - Cannot read IP mode file for STMicroelectronics.X-CUBE-ISPU.2.0.0
2024-05-15 16:17:21,869 [WARN] PackLoader:240 - Cannot read IP mode file for STMicroelectronics.X-CUBE-MEMS1.10.0.0
2024-05-15 16:17:22,034 [WARN] PackLoader:240 - Cannot read IP mode file for STMicroelectronics.X-CUBE-FREERTOS.1.1.0
2024-05-15 16:17:22,050 [WARN] PackLoader:240 - Cannot read IP mode file for STMicroelectronics.X-CUBE-AZRTOS-WL.1.0.0
2024-05-15 16:17:22,060 [WARN] PackLoader:240 - Cannot read IP mode file for portGmbH.I-Cube-SoM-uGOAL.1.1.0
2024-05-15 16:17:22,068 [WARN] PackLoader:240 - Cannot read IP mode file for STMicroelectronics.X-CUBE-ALS.1.0.1
2024-05-15 16:17:22,087 [WARN] PackLoader:240 - Cannot read IP mode file for STMicroelectronics.X-CUBE-AZRTOS-WB.1.1.0
2024-05-15 16:17:22,108 [WARN] PackLoader:240 - Cannot read IP mode file for STMicroelectronics.X-CUBE-AZRTOS-L5.1.0.0
2024-05-15 16:17:22,117 [WARN] PackLoader:240 - Cannot read IP mode file for STMicroelectronics.X-CUBE-EEPRMA1.3.1.1
2024-05-15 16:17:22,141 [WARN] PackLoader:240 - Cannot read IP mode file for STMicroelectronics.X-CUBE-AZRTOS-H7RS.1.0.0
2024-05-15 16:17:22,149 [WARN] PackLoader:240 - Cannot read IP mode file for STMicroelectronics.FP-ATR-ASTRA1.2.0.0
2024-05-15 16:17:22,162 [WARN] PackLoader:240 - Cannot read IP mode file for STMicroelectronics.X-CUBE-TOF1.3.4.0
2024-05-15 16:17:22,198 [WARN] PackLoader:240 - Cannot read IP mode file for STMicroelectronics.X-CUBE-TOF1.3.4.1
2024-05-15 16:17:22,236 [WARN] PackLoader:240 - Cannot read IP mode file for STMicroelectronics.X-CUBE-AZRTOS-H7.3.2.0
2024-05-15 16:17:22,241 [INFO] ThirdParty:978 - Integrity check success = true
2024-05-15 16:17:22,242 [INFO] IntegrityCheckThread:100 - exiting critical section [integrity check]
2024-05-15 16:17:22,242 [INFO] IntegrityCheckThread:103 - End integrity checks thread
2024-05-15 16:17:23,347 [INFO] WebApp:161 - Instantiating new browser for Auth
2024-05-15 16:17:24,068 [INFO] WebApp:779 - Register for checkConnection events
2024-05-15 16:17:24,068 [INFO] WebApp:414 - Apply proxy settings
2024-05-15 16:17:24,069 [INFO] WebApp:499 - Chromium requires no authentication
2024-05-15 16:17:24,077 [INFO] WebApp:442 - Direct internet connection detected
2024-05-15 16:17:24,205 [INFO] WebApp:192 - Starting web application
2024-05-15 16:17:24,205 [INFO] WebApp:544 - Web application path used C:\ST\STM32CubeIDE_1.15.1\STM32CubeIDE\plugins\com.st.stm32cube.common.mx_6.11.1.202404110753\db\plugins\mcufinder\reactClient1\index.html
